<?xml version="1.0" encoding="UTF-8"?>
<testsuite xmlns:xsi="http://www.w3.org/2001/XMLSchema-instance" xsi:noNamespaceSchemaLocation="https://maven.apache.org/surefire/maven-surefire-plugin/xsd/surefire-test-report-3.0.xsd" version="3.0" name="TestSuite" time="120.054" tests="40" errors="0" skipped="12" failures="12">
  <properties>
[...]
</properties>
  <testcase name="runScenario[&quot;Verify company logo and menu items are displayed on Home Page.&quot;, &quot;Optional[Company logo and menu items are displayed on next pages: Solutions, Integrations, Resources, Pricing, Company.]&quot;](1)" classname="com.cloudmore.runner.TestRunner" time="11.777">
    <system-out><![CDATA[
@ui @QuestionOne @assignment
Scenario: Verify company logo and menu items are displayed on Home Page.   &amp#27;[90m# src/test/resources/featureFiles/CompanyLogAndMenuItem.feature:8&amp#27;[0m
  &amp#27;[32mGiven &amp#27;[0m&amp#27;[32mUser direct to the Home Page&amp#27;[0m                                       &amp#27;[90m# com.cloudmore.testSteps.ui.HomePageTestSteps.userDirectToTheHomePage()&amp#27;[0m
  &amp#27;[32mAnd &amp#27;[0m&amp#27;[32mUser Accepts the Cookie Consent&amp#27;[0m                                      &amp#27;[90m# com.cloudmore.testSteps.ui.HomePageTestSteps.acceptTheCookies()&amp#27;[0m
  &amp#27;[32mThen &amp#27;[0m&amp#27;[32mVerify the HomePage availability&amp#27;[0m                                    &amp#27;[90m# com.cloudmore.testSteps.ui.HomePageTestSteps.verifying_home_page_is_available()&amp#27;[0m
  &amp#27;[32mAnd &amp#27;[0m&amp#27;[32mVerifying the Company logo is visible from the Home page&amp#27;[0m             &amp#27;[90m# com.cloudmore.testSteps.ui.HomePageTestSteps.verifyCompanyLogo()&amp#27;[0m
  &amp#27;[32mThen &amp#27;[0m&amp#27;[32mVerifying the &amp#27;[0m&amp#27;[32m&amp#27;[1m"Solutions"&amp#27;[0m&amp#27;[32m Menu link is visible from the Home page&amp#27;[0m   &amp#27;[90m# com.cloudmore.testSteps.ui.HomePageTestSteps.verifyMenuLinks(java.lang.String)&amp#27;[0m
  &amp#27;[32mAnd &amp#27;[0m&amp#27;[32mVerifying the &amp#27;[0m&amp#27;[32m&amp#27;[1m"Company"&amp#27;[0m&amp#27;[32m Menu link is visible from the Home page&amp#27;[0m      &amp#27;[90m# com.cloudmore.testSteps.ui.HomePageTestSteps.verifyMenuLinks(java.lang.String)&amp#27;[0m
  &amp#27;[32mAnd &amp#27;[0m&amp#27;[32mVerifying the &amp#27;[0m&amp#27;[32m&amp#27;[1m"Integrations"&amp#27;[0m&amp#27;[32m Menu link is visible from the Home page&amp#27;[0m &amp#27;[90m# com.cloudmore.testSteps.ui.HomePageTestSteps.verifyMenuLinks(java.lang.String)&amp#27;[0m
  &amp#27;[32mAnd &amp#27;[0m&amp#27;[32mVerifying the &amp#27;[0m&amp#27;[32m&amp#27;[1m"Resources"&amp#27;[0m&amp#27;[32m Menu link is visible from the Home page&amp#27;[0m    &amp#27;[90m# com.cloudmore.testSteps.ui.HomePageTestSteps.verifyMenuLinks(java.lang.String)&amp#27;[0m
  &amp#27;[32mAnd &amp#27;[0m&amp#27;[32mVerifying the &amp#27;[0m&amp#27;[32m&amp#27;[1m"Pricing"&amp#27;[0m&amp#27;[32m Menu link is visible from the Home page&amp#27;[0m      &amp#27;[90m# com.cloudmore.testSteps.ui.HomePageTestSteps.verifyMenuLinks(java.lang.String)&amp#27;[0m
>>>>>>>>> beforeScenario called [@ui, @QuestionOne, @assignment]
]]></system-out>
    <system-err><![CDATA[log4j:WARN No appenders could be found for logger (com.cloudmore.runner.TestRunner).
log4j:WARN Please initialize the log4j system properly.
log4j:WARN See http://logging.apache.org/log4j/1.2/faq.html#noconfig for more info.
Starting ChromeDriver 110.0.5481.77 (65ed616c6e8ee3fe0ad64fe83796c020644d42af-refs/branch-heads/5481@{#839}) on port 44240
Only local connections are allowed.
Please see https://chromedriver.chromium.org/security-considerations for suggestions on keeping ChromeDriver safe.
ChromeDriver was started successfully.
[1676886054.218][WARNING]: virtual void DevToolsClientImpl::AddListener(DevToolsEventListener *) subscribing a listener to the already connected DevToolsClient. Connection notification will not arrive.
Feb 20, 2023 3:10:54 PM org.openqa.selenium.devtools.CdpVersionFinder findNearestMatch
WARNING: Unable to find an exact match for CDP version 110, so returning the closest version found: 109
]]></system-err>
  </testcase>
  <testcase name="runScenario[&quot;Verify company logo and menu items are displayed on Solutions Page.&quot;, &quot;Optional[Company logo and menu items are displayed on next pages: Solutions, Integrations, Resources, Pricing, Company.]&quot;](2)" classname="com.cloudmore.runner.TestRunner" time="5.697">
    <system-out><![CDATA[
@ui @QuestionOne @assignment
Scenario: Verify company logo and menu items are displayed on Solutions Page.   &amp#27;[90m# src/test/resources/featureFiles/CompanyLogAndMenuItem.feature:19&amp#27;[0m
  &amp#27;[32mGiven &amp#27;[0m&amp#27;[32mUser direct to the Home Page&amp#27;[0m                                            &amp#27;[90m# com.cloudmore.testSteps.ui.HomePageTestSteps.userDirectToTheHomePage()&amp#27;[0m
  &amp#27;[32mWhen &amp#27;[0m&amp#27;[32mNavigate to &amp#27;[0m&amp#27;[32m&amp#27;[1m"Solutions"&amp#27;[0m&amp#27;[32m page from home Page&amp#27;[0m                              &amp#27;[90m# com.cloudmore.testSteps.ui.HomePageTestSteps.navigateToTheURL(java.lang.String)&amp#27;[0m
  &amp#27;[32mThen &amp#27;[0m&amp#27;[32mVerify the Solutions Page availability&amp#27;[0m                                   &amp#27;[90m# com.cloudmore.testSteps.ui.SolutionsPageTestSteps.verifying_solution_page_is_available()&amp#27;[0m
  &amp#27;[32mAnd &amp#27;[0m&amp#27;[32mVerifying the Company logo is visible from the Solutions page&amp#27;[0m             &amp#27;[90m# com.cloudmore.testSteps.ui.SolutionsPageTestSteps.verifyCompanyLogo()&amp#27;[0m
  &amp#27;[32mThen &amp#27;[0m&amp#27;[32mVerifying the &amp#27;[0m&amp#27;[32m&amp#27;[1m"Solutions"&amp#27;[0m&amp#27;[32m Menu link is visible from the Solutions page&amp#27;[0m   &amp#27;[90m# com.cloudmore.testSteps.ui.SolutionsPageTestSteps.verifyMenuLinks(java.lang.String)&amp#27;[0m
  &amp#27;[32mAnd &amp#27;[0m&amp#27;[32mVerifying the &amp#27;[0m&amp#27;[32m&amp#27;[1m"Company"&amp#27;[0m&amp#27;[32m Menu link is visible from the Solutions page&amp#27;[0m      &amp#27;[90m# com.cloudmore.testSteps.ui.SolutionsPageTestSteps.verifyMenuLinks(java.lang.String)&amp#27;[0m
  &amp#27;[32mAnd &amp#27;[0m&amp#27;[32mVerifying the &amp#27;[0m&amp#27;[32m&amp#27;[1m"Integrations"&amp#27;[0m&amp#27;[32m Menu link is visible from the Solutions page&amp#27;[0m &amp#27;[90m# com.cloudmore.testSteps.ui.SolutionsPageTestSteps.verifyMenuLinks(java.lang.String)&amp#27;[0m
  &amp#27;[32mAnd &amp#27;[0m&amp#27;[32mVerifying the &amp#27;[0m&amp#27;[32m&amp#27;[1m"Resources"&amp#27;[0m&amp#27;[32m Menu link is visible from the Solutions page&amp#27;[0m    &amp#27;[90m# com.cloudmore.testSteps.ui.SolutionsPageTestSteps.verifyMenuLinks(java.lang.String)&amp#27;[0m
  &amp#27;[32mAnd &amp#27;[0m&amp#27;[32mVerifying the &amp#27;[0m&amp#27;[32m&amp#27;[1m"Pricing"&amp#27;[0m&amp#27;[32m Menu link is visible from the Solutions page&amp#27;[0m      &amp#27;[90m# com.cloudmore.testSteps.ui.SolutionsPageTestSteps.verifyMenuLinks(java.lang.String)&amp#27;[0m
>>>>>>>>> beforeScenario called [@ui, @QuestionOne, @assignment]
]]></system-out>
  </testcase>
  <testcase name="runScenario[&quot;Verify company logo and menu items are displayed on Company Page.&quot;, &quot;Optional[Company logo and menu items are displayed on next pages: Solutions, Integrations, Resources, Pricing, Company.]&quot;](3)" classname="com.cloudmore.runner.TestRunner" time="4.112">
    <system-out><![CDATA[
@ui @QuestionOne @assignment
Scenario: Verify company logo and menu items are displayed on Company Page.   &amp#27;[90m# src/test/resources/featureFiles/CompanyLogAndMenuItem.feature:30&amp#27;[0m
  &amp#27;[32mGiven &amp#27;[0m&amp#27;[32mUser direct to the Home Page&amp#27;[0m                                          &amp#27;[90m# com.cloudmore.testSteps.ui.HomePageTestSteps.userDirectToTheHomePage()&amp#27;[0m
  &amp#27;[32mWhen &amp#27;[0m&amp#27;[32mNavigate to &amp#27;[0m&amp#27;[32m&amp#27;[1m"Company"&amp#27;[0m&amp#27;[32m page from home Page&amp#27;[0m                              &amp#27;[90m# com.cloudmore.testSteps.ui.HomePageTestSteps.navigateToTheURL(java.lang.String)&amp#27;[0m
  &amp#27;[32mThen &amp#27;[0m&amp#27;[32mVerify the Company Page availability&amp#27;[0m                                   &amp#27;[90m# com.cloudmore.testSteps.ui.CompanyPageTestSteps.verifying_solution_page_is_available()&amp#27;[0m
  &amp#27;[32mAnd &amp#27;[0m&amp#27;[32mVerifying the Company logo is visible from the Company page&amp#27;[0m             &amp#27;[90m# com.cloudmore.testSteps.ui.CompanyPageTestSteps.verifyCompanyLogo()&amp#27;[0m
  &amp#27;[32mThen &amp#27;[0m&amp#27;[32mVerifying the &amp#27;[0m&amp#27;[32m&amp#27;[1m"Solutions"&amp#27;[0m&amp#27;[32m Menu link is visible from the Company page&amp#27;[0m   &amp#27;[90m# com.cloudmore.testSteps.ui.CompanyPageTestSteps.verifyMenuLinks(java.lang.String)&amp#27;[0m
  &amp#27;[32mAnd &amp#27;[0m&amp#27;[32mVerifying the &amp#27;[0m&amp#27;[32m&amp#27;[1m"Company"&amp#27;[0m&amp#27;[32m Menu link is visible from the Company page&amp#27;[0m      &amp#27;[90m# com.cloudmore.testSteps.ui.CompanyPageTestSteps.verifyMenuLinks(java.lang.String)&amp#27;[0m
  &amp#27;[32mAnd &amp#27;[0m&amp#27;[32mVerifying the &amp#27;[0m&amp#27;[32m&amp#27;[1m"Integrations"&amp#27;[0m&amp#27;[32m Menu link is visible from the Company page&amp#27;[0m &amp#27;[90m# com.cloudmore.testSteps.ui.CompanyPageTestSteps.verifyMenuLinks(java.lang.String)&amp#27;[0m
  &amp#27;[32mAnd &amp#27;[0m&amp#27;[32mVerifying the &amp#27;[0m&amp#27;[32m&amp#27;[1m"Resources"&amp#27;[0m&amp#27;[32m Menu link is visible from the Company page&amp#27;[0m    &amp#27;[90m# com.cloudmore.testSteps.ui.CompanyPageTestSteps.verifyMenuLinks(java.lang.String)&amp#27;[0m
  &amp#27;[32mAnd &amp#27;[0m&amp#27;[32mVerifying the &amp#27;[0m&amp#27;[32m&amp#27;[1m"Pricing"&amp#27;[0m&amp#27;[32m Menu link is visible from the Company page&amp#27;[0m      &amp#27;[90m# com.cloudmore.testSteps.ui.CompanyPageTestSteps.verifyMenuLinks(java.lang.String)&amp#27;[0m
>>>>>>>>> beforeScenario called [@ui, @QuestionOne, @assignment]
]]></system-out>
  </testcase>
  <testcase name="runScenario[&quot;Verify company logo and menu items are displayed on Integrations Page.&quot;, &quot;Optional[Company logo and menu items are displayed on next pages: Solutions, Integrations, Resources, Pricing, Company.]&quot;](4)" classname="com.cloudmore.runner.TestRunner" time="4.74">
    <system-out><![CDATA[
@ui @QuestionOne @assignment
Scenario: Verify company logo and menu items are displayed on Integrations Page.   &amp#27;[90m# src/test/resources/featureFiles/CompanyLogAndMenuItem.feature:41&amp#27;[0m
  &amp#27;[32mGiven &amp#27;[0m&amp#27;[32mUser direct to the Home Page&amp#27;[0m                                               &amp#27;[90m# com.cloudmore.testSteps.ui.HomePageTestSteps.userDirectToTheHomePage()&amp#27;[0m
  &amp#27;[32mWhen &amp#27;[0m&amp#27;[32mNavigate to &amp#27;[0m&amp#27;[32m&amp#27;[1m"Integrations"&amp#27;[0m&amp#27;[32m page from home Page&amp#27;[0m                              &amp#27;[90m# com.cloudmore.testSteps.ui.HomePageTestSteps.navigateToTheURL(java.lang.String)&amp#27;[0m
  &amp#27;[32mThen &amp#27;[0m&amp#27;[32mVerify the Integrations Page availability&amp#27;[0m                                   &amp#27;[90m# com.cloudmore.testSteps.ui.IntegrationsPageTestSteps.verifying_solution_page_is_available()&amp#27;[0m
  &amp#27;[32mAnd &amp#27;[0m&amp#27;[32mVerifying the Company logo is visible from the Integrations page&amp#27;[0m             &amp#27;[90m# com.cloudmore.testSteps.ui.IntegrationsPageTestSteps.verifyCompanyLogo()&amp#27;[0m
  &amp#27;[32mThen &amp#27;[0m&amp#27;[32mVerifying the &amp#27;[0m&amp#27;[32m&amp#27;[1m"Solutions"&amp#27;[0m&amp#27;[32m Menu link is visible from the Integrations page&amp#27;[0m   &amp#27;[90m# com.cloudmore.testSteps.ui.IntegrationsPageTestSteps.verifyMenuLinks(java.lang.String)&amp#27;[0m
  &amp#27;[32mAnd &amp#27;[0m&amp#27;[32mVerifying the &amp#27;[0m&amp#27;[32m&amp#27;[1m"Company"&amp#27;[0m&amp#27;[32m Menu link is visible from the Integrations page&amp#27;[0m      &amp#27;[90m# com.cloudmore.testSteps.ui.IntegrationsPageTestSteps.verifyMenuLinks(java.lang.String)&amp#27;[0m
  &amp#27;[32mAnd &amp#27;[0m&amp#27;[32mVerifying the &amp#27;[0m&amp#27;[32m&amp#27;[1m"Integrations"&amp#27;[0m&amp#27;[32m Menu link is visible from the Integrations page&amp#27;[0m &amp#27;[90m# com.cloudmore.testSteps.ui.IntegrationsPageTestSteps.verifyMenuLinks(java.lang.String)&amp#27;[0m
  &amp#27;[32mAnd &amp#27;[0m&amp#27;[32mVerifying the &amp#27;[0m&amp#27;[32m&amp#27;[1m"Resources"&amp#27;[0m&amp#27;[32m Menu link is visible from the Integrations page&amp#27;[0m    &amp#27;[90m# com.cloudmore.testSteps.ui.IntegrationsPageTestSteps.verifyMenuLinks(java.lang.String)&amp#27;[0m
  &amp#27;[32mAnd &amp#27;[0m&amp#27;[32mVerifying the &amp#27;[0m&amp#27;[32m&amp#27;[1m"Pricing"&amp#27;[0m&amp#27;[32m Menu link is visible from the Integrations page&amp#27;[0m      &amp#27;[90m# com.cloudmore.testSteps.ui.IntegrationsPageTestSteps.verifyMenuLinks(java.lang.String)&amp#27;[0m
>>>>>>>>> beforeScenario called [@ui, @QuestionOne, @assignment]
]]></system-out>
  </testcase>
  <testcase name="runScenario[&quot;Verify company logo and menu items are displayed on Resources Page.&quot;, &quot;Optional[Company logo and menu items are displayed on next pages: Solutions, Integrations, Resources, Pricing, Company.]&quot;](5)" classname="com.cloudmore.runner.TestRunner" time="4.068">
    <system-out><![CDATA[
@ui @QuestionOne @assignment
Scenario: Verify company logo and menu items are displayed on Resources Page.   &amp#27;[90m# src/test/resources/featureFiles/CompanyLogAndMenuItem.feature:52&amp#27;[0m
  &amp#27;[32mGiven &amp#27;[0m&amp#27;[32mUser direct to the Home Page&amp#27;[0m                                            &amp#27;[90m# com.cloudmore.testSteps.ui.HomePageTestSteps.userDirectToTheHomePage()&amp#27;[0m
  &amp#27;[32mWhen &amp#27;[0m&amp#27;[32mNavigate to &amp#27;[0m&amp#27;[32m&amp#27;[1m"Resources"&amp#27;[0m&amp#27;[32m page from home Page&amp#27;[0m                              &amp#27;[90m# com.cloudmore.testSteps.ui.HomePageTestSteps.navigateToTheURL(java.lang.String)&amp#27;[0m
  &amp#27;[32mThen &amp#27;[0m&amp#27;[32mVerify the Resources Page availability&amp#27;[0m                                   &amp#27;[90m# com.cloudmore.testSteps.ui.ResourcesPageTestSteps.verifying_solution_page_is_available()&amp#27;[0m
  &amp#27;[32mAnd &amp#27;[0m&amp#27;[32mVerifying the Company logo is visible from the Resources page&amp#27;[0m             &amp#27;[90m# com.cloudmore.testSteps.ui.ResourcesPageTestSteps.verifyCompanyLogo()&amp#27;[0m
  &amp#27;[32mThen &amp#27;[0m&amp#27;[32mVerifying the &amp#27;[0m&amp#27;[32m&amp#27;[1m"Solutions"&amp#27;[0m&amp#27;[32m Menu link is visible from the Resources page&amp#27;[0m   &amp#27;[90m# com.cloudmore.testSteps.ui.ResourcesPageTestSteps.verifyMenuLinks(java.lang.String)&amp#27;[0m
  &amp#27;[32mAnd &amp#27;[0m&amp#27;[32mVerifying the &amp#27;[0m&amp#27;[32m&amp#27;[1m"Company"&amp#27;[0m&amp#27;[32m Menu link is visible from the Resources page&amp#27;[0m      &amp#27;[90m# com.cloudmore.testSteps.ui.ResourcesPageTestSteps.verifyMenuLinks(java.lang.String)&amp#27;[0m
  &amp#27;[32mAnd &amp#27;[0m&amp#27;[32mVerifying the &amp#27;[0m&amp#27;[32m&amp#27;[1m"Integrations"&amp#27;[0m&amp#27;[32m Menu link is visible from the Resources page&amp#27;[0m &amp#27;[90m# com.cloudmore.testSteps.ui.ResourcesPageTestSteps.verifyMenuLinks(java.lang.String)&amp#27;[0m
  &amp#27;[32mAnd &amp#27;[0m&amp#27;[32mVerifying the &amp#27;[0m&amp#27;[32m&amp#27;[1m"Resources"&amp#27;[0m&amp#27;[32m Menu link is visible from the Resources page&amp#27;[0m    &amp#27;[90m# com.cloudmore.testSteps.ui.ResourcesPageTestSteps.verifyMenuLinks(java.lang.String)&amp#27;[0m
  &amp#27;[32mAnd &amp#27;[0m&amp#27;[32mVerifying the &amp#27;[0m&amp#27;[32m&amp#27;[1m"Pricing"&amp#27;[0m&amp#27;[32m Menu link is visible from the Resources page&amp#27;[0m      &amp#27;[90m# com.cloudmore.testSteps.ui.ResourcesPageTestSteps.verifyMenuLinks(java.lang.String)&amp#27;[0m
>>>>>>>>> beforeScenario called [@ui, @QuestionOne, @assignment]
]]></system-out>
  </testcase>
  <testcase name="runScenario[&quot;Verify company logo and menu items are displayed on Pricing Page.&quot;, &quot;Optional[Company logo and menu items are displayed on next pages: Solutions, Integrations, Resources, Pricing, Company.]&quot;](6)" classname="com.cloudmore.runner.TestRunner" time="6.455">
    <system-out><![CDATA[
@ui @QuestionOne @assignment
Scenario: Verify company logo and menu items are displayed on Pricing Page.   &amp#27;[90m# src/test/resources/featureFiles/CompanyLogAndMenuItem.feature:63&amp#27;[0m
  &amp#27;[32mGiven &amp#27;[0m&amp#27;[32mUser direct to the Home Page&amp#27;[0m                                          &amp#27;[90m# com.cloudmore.testSteps.ui.HomePageTestSteps.userDirectToTheHomePage()&amp#27;[0m
  &amp#27;[32mWhen &amp#27;[0m&amp#27;[32mNavigate to &amp#27;[0m&amp#27;[32m&amp#27;[1m"Pricing"&amp#27;[0m&amp#27;[32m page from home Page&amp#27;[0m                              &amp#27;[90m# com.cloudmore.testSteps.ui.HomePageTestSteps.navigateToTheURL(java.lang.String)&amp#27;[0m
  &amp#27;[32mThen &amp#27;[0m&amp#27;[32mVerify the Pricing Page availability&amp#27;[0m                                   &amp#27;[90m# com.cloudmore.testSteps.ui.PricingPageTestSteps.verifying_solution_page_is_available()&amp#27;[0m
  &amp#27;[32mAnd &amp#27;[0m&amp#27;[32mVerifying the Company logo is visible from the Pricing page&amp#27;[0m             &amp#27;[90m# com.cloudmore.testSteps.ui.PricingPageTestSteps.verifyCompanyLogo()&amp#27;[0m
  &amp#27;[32mThen &amp#27;[0m&amp#27;[32mVerifying the &amp#27;[0m&amp#27;[32m&amp#27;[1m"Solutions"&amp#27;[0m&amp#27;[32m Menu link is visible from the Pricing page&amp#27;[0m   &amp#27;[90m# com.cloudmore.testSteps.ui.PricingPageTestSteps.verifyMenuLinks(java.lang.String)&amp#27;[0m
  &amp#27;[32mAnd &amp#27;[0m&amp#27;[32mVerifying the &amp#27;[0m&amp#27;[32m&amp#27;[1m"Company"&amp#27;[0m&amp#27;[32m Menu link is visible from the Pricing page&amp#27;[0m      &amp#27;[90m# com.cloudmore.testSteps.ui.PricingPageTestSteps.verifyMenuLinks(java.lang.String)&amp#27;[0m
  &amp#27;[32mAnd &amp#27;[0m&amp#27;[32mVerifying the &amp#27;[0m&amp#27;[32m&amp#27;[1m"Integrations"&amp#27;[0m&amp#27;[32m Menu link is visible from the Pricing page&amp#27;[0m &amp#27;[90m# com.cloudmore.testSteps.ui.PricingPageTestSteps.verifyMenuLinks(java.lang.String)&amp#27;[0m
  &amp#27;[32mAnd &amp#27;[0m&amp#27;[32mVerifying the &amp#27;[0m&amp#27;[32m&amp#27;[1m"Resources"&amp#27;[0m&amp#27;[32m Menu link is visible from the Pricing page&amp#27;[0m    &amp#27;[90m# com.cloudmore.testSteps.ui.PricingPageTestSteps.verifyMenuLinks(java.lang.String)&amp#27;[0m
  &amp#27;[32mAnd &amp#27;[0m&amp#27;[32mVerifying the &amp#27;[0m&amp#27;[32m&amp#27;[1m"Pricing"&amp#27;[0m&amp#27;[32m Menu link is visible from the Pricing page&amp#27;[0m      &amp#27;[90m# com.cloudmore.testSteps.ui.PricingPageTestSteps.verifyMenuLinks(java.lang.String)&amp#27;[0m
>>>>>>>>> beforeScenario called [@ui, @QuestionOne, @assignment]
]]></system-out>
  </testcase>
  <testcase name="runScenario[&quot;Verify Search Results have more than 3 items in the list&quot;, &quot;Optional[Test Search Page page for mobile and desktop size screens with number of items in the list]&quot;](7)" classname="com.cloudmore.runner.TestRunner" time="7.337">
    <system-out><![CDATA[
@ui @QuestionTwo @assignment
Scenario Outline: Verify Search Results have more than 3 items in the list &amp#27;[90m# src/test/resources/featureFiles/Search.feature:25&amp#27;[0m
  &amp#27;[32mGiven &amp#27;[0m&amp#27;[32mUser direct to the Home Page&amp#27;[0m                                       &amp#27;[90m# com.cloudmore.testSteps.ui.HomePageTestSteps.userDirectToTheHomePage()&amp#27;[0m
  &amp#27;[32mThen &amp#27;[0m&amp#27;[32mVerify the HomePage availability&amp#27;[0m                                    &amp#27;[90m# com.cloudmore.testSteps.ui.HomePageTestSteps.verifying_home_page_is_available()&amp#27;[0m
  &amp#27;[32mAnd &amp#27;[0m&amp#27;[32mUser Accepts the Cookie Consent&amp#27;[0m                                      &amp#27;[90m# com.cloudmore.testSteps.ui.HomePageTestSteps.acceptTheCookies()&amp#27;[0m
  &amp#27;[32mWhen &amp#27;[0m&amp#27;[32mNavigate to &amp#27;[0m&amp#27;[32m&amp#27;[1m"Search"&amp#27;[0m&amp#27;[32m page from home Page&amp#27;[0m                            &amp#27;[90m# com.cloudmore.testSteps.ui.HomePageTestSteps.navigateToTheURL(java.lang.String)&amp#27;[0m
  &amp#27;[32mThen &amp#27;[0m&amp#27;[32mVerify the Search Page availability&amp#27;[0m                                 &amp#27;[90m# com.cloudmore.testSteps.ui.SearchPageTestSteps.verifying_home_page_is_available()&amp#27;[0m
  &amp#27;[32mWhen &amp#27;[0m&amp#27;[32mUser set the Web Page resolution into &amp#27;[0m&amp#27;[32m&amp#27;[1m"DESKTOP"&amp#27;[0m&amp#27;[32m size&amp#27;[0m                &amp#27;[90m# com.cloudmore.testSteps.CommonSteps.userSetWindwSize(java.lang.String)&amp#27;[0m
  &amp#27;[32mWhen &amp#27;[0m&amp#27;[32mUser entered &amp#27;[0m&amp#27;[32m&amp#27;[1m"Azure"&amp#27;[0m&amp#27;[32m as search keyword on the search text field&amp#27;[0m     &amp#27;[90m# com.cloudmore.testSteps.ui.SearchPageTestSteps.user_entered_on_search_text_field(java.lang.String)&amp#27;[0m
  &amp#27;[32mAnd &amp#27;[0m&amp#27;[32mUser click the search button&amp#27;[0m                                         &amp#27;[90m# com.cloudmore.testSteps.ui.SearchPageTestSteps.click_the_search_button()&amp#27;[0m
  &amp#27;[32mThen &amp#27;[0m&amp#27;[32mVerify that the search results page is available&amp#27;[0m                    &amp#27;[90m# com.cloudmore.testSteps.ui.SearchPageTestSteps.verify_searchResults_page_loaded()&amp#27;[0m
  &amp#27;[32mAnd &amp#27;[0m&amp#27;[32mVerifying the Search Page URL After searching &amp#27;[0m&amp#27;[32m&amp#27;[1m"Azure"&amp#27;[0m                &amp#27;[90m# com.cloudmore.testSteps.ui.SearchPageTestSteps.verify_search_page_URL(java.lang.String)&amp#27;[0m
  &amp#27;[32mAnd &amp#27;[0m&amp#27;[32mVerifying the Search Page Title After searching &amp#27;[0m&amp#27;[32m&amp#27;[1m"Azure"&amp#27;[0m              &amp#27;[90m# com.cloudmore.testSteps.ui.SearchPageTestSteps.verify_search_page_title(java.lang.String)&amp#27;[0m

    Embedding Verify Search Results have more than 3 items in the list [image/png 135355 bytes]

  &amp#27;[32mAnd &amp#27;[0m&amp#27;[32mTake a screenshot&amp#27;[0m                                                    &amp#27;[90m# com.cloudmore.testSteps.CommonSteps.userTakeScreenshot()&amp#27;[0m
  &amp#27;[32mThen &amp#27;[0m&amp#27;[32mValidate search results have less than &amp#27;[0m&amp#27;[32m&amp#27;[1m3&amp#27;[0m&amp#27;[32m items&amp#27;[0m                      &amp#27;[90m# com.cloudmore.testSteps.ui.SearchPageTestSteps.verify_results_set(int)&amp#27;[0m
>>>>>>>>> beforeScenario called [@ui, @QuestionTwo, @assignment]
]]></system-out>
  </testcase>
  <testcase name="runScenario[&quot;Verify Search Results have more than 3 items in the list&quot;, &quot;Optional[Test Search Page page for mobile and desktop size screens with number of items in the list]&quot;](8)" classname="com.cloudmore.runner.TestRunner" time="6.165">
    <system-out><![CDATA[
@ui @QuestionTwo @assignment
Scenario Outline: Verify Search Results have more than 3 items in the list &amp#27;[90m# src/test/resources/featureFiles/Search.feature:26&amp#27;[0m
  &amp#27;[32mGiven &amp#27;[0m&amp#27;[32mUser direct to the Home Page&amp#27;[0m                                       &amp#27;[90m# com.cloudmore.testSteps.ui.HomePageTestSteps.userDirectToTheHomePage()&amp#27;[0m
  &amp#27;[32mThen &amp#27;[0m&amp#27;[32mVerify the HomePage availability&amp#27;[0m                                    &amp#27;[90m# com.cloudmore.testSteps.ui.HomePageTestSteps.verifying_home_page_is_available()&amp#27;[0m
  &amp#27;[32mAnd &amp#27;[0m&amp#27;[32mUser Accepts the Cookie Consent&amp#27;[0m                                      &amp#27;[90m# com.cloudmore.testSteps.ui.HomePageTestSteps.acceptTheCookies()&amp#27;[0m
  &amp#27;[32mWhen &amp#27;[0m&amp#27;[32mNavigate to &amp#27;[0m&amp#27;[32m&amp#27;[1m"Search"&amp#27;[0m&amp#27;[32m page from home Page&amp#27;[0m                            &amp#27;[90m# com.cloudmore.testSteps.ui.HomePageTestSteps.navigateToTheURL(java.lang.String)&amp#27;[0m
  &amp#27;[32mThen &amp#27;[0m&amp#27;[32mVerify the Search Page availability&amp#27;[0m                                 &amp#27;[90m# com.cloudmore.testSteps.ui.SearchPageTestSteps.verifying_home_page_is_available()&amp#27;[0m
  &amp#27;[32mWhen &amp#27;[0m&amp#27;[32mUser set the Web Page resolution into &amp#27;[0m&amp#27;[32m&amp#27;[1m"MOBILE"&amp#27;[0m&amp#27;[32m size&amp#27;[0m                 &amp#27;[90m# com.cloudmore.testSteps.CommonSteps.userSetWindwSize(java.lang.String)&amp#27;[0m
  &amp#27;[32mWhen &amp#27;[0m&amp#27;[32mUser entered &amp#27;[0m&amp#27;[32m&amp#27;[1m"Azure"&amp#27;[0m&amp#27;[32m as search keyword on the search text field&amp#27;[0m     &amp#27;[90m# com.cloudmore.testSteps.ui.SearchPageTestSteps.user_entered_on_search_text_field(java.lang.String)&amp#27;[0m
  &amp#27;[32mAnd &amp#27;[0m&amp#27;[32mUser click the search button&amp#27;[0m                                         &amp#27;[90m# com.cloudmore.testSteps.ui.SearchPageTestSteps.click_the_search_button()&amp#27;[0m
  &amp#27;[32mThen &amp#27;[0m&amp#27;[32mVerify that the search results page is available&amp#27;[0m                    &amp#27;[90m# com.cloudmore.testSteps.ui.SearchPageTestSteps.verify_searchResults_page_loaded()&amp#27;[0m
  &amp#27;[32mAnd &amp#27;[0m&amp#27;[32mVerifying the Search Page URL After searching &amp#27;[0m&amp#27;[32m&amp#27;[1m"Azure"&amp#27;[0m                &amp#27;[90m# com.cloudmore.testSteps.ui.SearchPageTestSteps.verify_search_page_URL(java.lang.String)&amp#27;[0m
  &amp#27;[32mAnd &amp#27;[0m&amp#27;[32mVerifying the Search Page Title After searching &amp#27;[0m&amp#27;[32m&amp#27;[1m"Azure"&amp#27;[0m              &amp#27;[90m# com.cloudmore.testSteps.ui.SearchPageTestSteps.verify_search_page_title(java.lang.String)&amp#27;[0m

    Embedding Verify Search Results have more than 3 items in the list [image/png 84695 bytes]

  &amp#27;[32mAnd &amp#27;[0m&amp#27;[32mTake a screenshot&amp#27;[0m                                                    &amp#27;[90m# com.cloudmore.testSteps.CommonSteps.userTakeScreenshot()&amp#27;[0m
  &amp#27;[32mThen &amp#27;[0m&amp#27;[32mValidate search results have less than &amp#27;[0m&amp#27;[32m&amp#27;[1m3&amp#27;[0m&amp#27;[32m items&amp#27;[0m                      &amp#27;[90m# com.cloudmore.testSteps.ui.SearchPageTestSteps.verify_results_set(int)&amp#27;[0m
>>>>>>>>> beforeScenario called [@ui, @QuestionTwo, @assignment]
]]></system-out>
  </testcase>
  <testcase name="runScenario[&quot;Verifying the CREATE USER API postUser_valid_BodyDefined_Is_Yes&quot;, &quot;Optional[Verify The CREATE , UPDATE, GET, DELETE APIs of User Service]&quot;](9)" classname="com.cloudmore.runner.TestRunner" time="7.233">
    <system-out><![CDATA[
@API @QuestionThree @assignment @createUserAPI
Scenario Outline: Verifying the CREATE USER API postUser_valid_BodyDefined_Is_Yes                                  &amp#27;[90m# src/test/resources/featureFiles/UserServiceAPI.feature:15&amp#27;[0m
>>>>>>>>> beforeScenario called [@API, @QuestionThree, @assignment, @createUserAPI]
Request method:	POST
Request URI:	https://petstore.swagger.io/v2/user
Proxy:			<none>
Request params:	<none>
Query params:	<none>
Form params:	<none>
Path params:	<none>
Headers:		accept=application/json
				Content-Type=application/json
Cookies:		<none>
Multiparts:		<none>
Body:
{
    "id": 122,
    "username": "AkilaTEST",
    "firstName": "Dhanushaka",
    "lastName": "Samaranayake",
    "email": "akila@email.com",
    "password": "testPassword",
    "phone": "+94717147499",
    "userStatus": 1
}
HTTP/1.1 200 OK
Date: Mon, 20 Feb 2023 09:41:52 GMT
Content-Type: application/json
Transfer-Encoding: chunked
Connection: keep-alive
Access-Control-Allow-Origin: *
Access-Control-Allow-Methods: GET, POST, DELETE, PUT
Access-Control-Allow-Headers: Content-Type, api_key, Authorization
Server: Jetty(9.2.9.v20150224)

{
    "code": 200,
    "type": "unknown",
    "message": "122"
}
  &amp#27;[32mGiven &amp#27;[0m&amp#27;[32mUser Invoke the &amp#27;[0m&amp#27;[32m&amp#27;[1m"CREATE"&amp#27;[0m&amp#27;[32m User API service to execute the &amp#27;[0m&amp#27;[32m&amp#27;[1m"postUser_valid_BodyDefined_Is_Yes"&amp#27;[0m&amp#27;[32m test scenario&amp#27;[0m &amp#27;[90m# com.cloudmore.testSteps.api.UserServiceSteps.get_user_api_service_called(java.lang.String,java.lang.String)&amp#27;[0m
  &amp#27;[32mThen &amp#27;[0m&amp#27;[32mValidate the Response Status Code&amp#27;[0m                                                                           &amp#27;[90m# com.cloudmore.testSteps.api.UserServiceSteps.validateResponseStatusCode()&amp#27;[0m
  &amp#27;[32mThen &amp#27;[0m&amp#27;[32mValidate the response json schema&amp#27;[0m                                                                           &amp#27;[90m# com.cloudmore.testSteps.api.UserServiceSteps.validate_json_schema()&amp#27;[0m
  &amp#27;[32mAnd &amp#27;[0m&amp#27;[32mValidate the Response Body&amp#27;[0m                                                                                   &amp#27;[90m# com.cloudmore.testSteps.api.UserServiceSteps.validateResponseBody()&amp#27;[0m
>>>>>>>>> beforeScenario called [@API, @QuestionThree, @assignment, @createUserAPI]
]]></system-out>
  </testcase>
  <testcase name="runScenario[&quot;Verifying the CREATE USER API postUser_BodyDefined_Is_No&quot;, &quot;Optional[Verify The CREATE , UPDATE, GET, DELETE APIs of User Service]&quot;](10)" classname="com.cloudmore.runner.TestRunner" time="0">
    <skipped message="Expected status code is not match with actual status code expected [400] but found [405]"/>
    <system-out><![CDATA[
@API @QuestionThree @assignment @createUserAPI
Scenario Outline: Verifying the CREATE USER API postUser_BodyDefined_Is_No                                  &amp#27;[90m# src/test/resources/featureFiles/UserServiceAPI.feature:16&amp#27;[0m
>>>>>>>>> beforeScenario called [@API, @QuestionThree, @assignment, @createUserAPI]
Request method:	POST
Request URI:	https://petstore.swagger.io/v2/user
Proxy:			<none>
Request params:	<none>
Query params:	<none>
Form params:	<none>
Path params:	<none>
Headers:		accept=application/json
				Content-Type=application/json
Cookies:		<none>
Multiparts:		<none>
Body:			<none>
HTTP/1.1 405 Method Not Allowed
Date: Mon, 20 Feb 2023 09:41:54 GMT
Content-Type: application/json
Transfer-Encoding: chunked
Connection: keep-alive
Access-Control-Allow-Origin: *
Access-Control-Allow-Methods: GET, POST, DELETE, PUT
Access-Control-Allow-Headers: Content-Type, api_key, Authorization
Server: Jetty(9.2.9.v20150224)

{
    "code": 405,
    "type": "unknown",
    "message": "no data"
}
  &amp#27;[32mGiven &amp#27;[0m&amp#27;[32mUser Invoke the &amp#27;[0m&amp#27;[32m&amp#27;[1m"CREATE"&amp#27;[0m&amp#27;[32m User API service to execute the &amp#27;[0m&amp#27;[32m&amp#27;[1m"postUser_BodyDefined_Is_No"&amp#27;[0m&amp#27;[32m test scenario&amp#27;[0m &amp#27;[90m# com.cloudmore.testSteps.api.UserServiceSteps.get_user_api_service_called(java.lang.String,java.lang.String)&amp#27;[0m
  &amp#27;[31mThen &amp#27;[0m&amp#27;[31mValidate the Response Status Code&amp#27;[0m                                                                    &amp#27;[90m# com.cloudmore.testSteps.api.UserServiceSteps.validateResponseStatusCode()&amp#27;[0m
      &amp#27;[31mjava.lang.AssertionError: Expected status code is not match with actual status code expected [400] but found [405]
	at org.testng.Assert.fail(Assert.java:99)
	at org.testng.Assert.failNotEquals(Assert.java:1037)
	at org.testng.Assert.assertEqualsImpl(Assert.java:140)
	at org.testng.Assert.assertEquals(Assert.java:122)
	at org.testng.Assert.assertEquals(Assert.java:907)
	at com.cloudmore.testSteps.api.UserServiceSteps.validateResponseStatusCode(UserServiceSteps.java:71)
	at âœ½.Validate the Response Status Code(file:///C:/Personal.work/my-repos/cloudmore/cloudmore-qa-automation/src/test/resources/featureFiles/UserServiceAPI.feature:10)
&amp#27;[0m
  &amp#27;[36mThen &amp#27;[0m&amp#27;[36mValidate the response json schema&amp#27;[0m                                                                    &amp#27;[90m# com.cloudmore.testSteps.api.UserServiceSteps.validate_json_schema()&amp#27;[0m
  &amp#27;[36mAnd &amp#27;[0m&amp#27;[36mValidate the Response Body&amp#27;[0m                                                                            &amp#27;[90m# com.cloudmore.testSteps.api.UserServiceSteps.validateResponseBody()&amp#27;[0m
>>>>>>>>> beforeScenario called [@API, @QuestionThree, @assignment, @createUserAPI]
]]></system-out>
  </testcase>
  <testcase name="runScenario[&quot;Verifying the CREATE USER API postUser_BodyDefined_Is_No&quot;, &quot;Optional[Verify The CREATE , UPDATE, GET, DELETE APIs of User Service]&quot;](11)" classname="com.cloudmore.runner.TestRunner" time="1.636">
    <failure message="Expected status code is not match with actual status code expected [400] but found [405]" type="java.lang.AssertionError"><![CDATA[java.lang.AssertionError: Expected status code is not match with actual status code expected [400] but found [405]
]]></failure>
    <system-out><![CDATA[
@API @QuestionThree @assignment @createUserAPI
Scenario Outline: Verifying the CREATE USER API postUser_BodyDefined_Is_No                                  &amp#27;[90m# src/test/resources/featureFiles/UserServiceAPI.feature:16&amp#27;[0m
>>>>>>>>> beforeScenario called [@API, @QuestionThree, @assignment, @createUserAPI]
Request method:	POST
Request URI:	https://petstore.swagger.io/v2/user
Proxy:			<none>
Request params:	<none>
Query params:	<none>
Form params:	<none>
Path params:	<none>
Headers:		accept=application/json
				Content-Type=application/json
Cookies:		<none>
Multiparts:		<none>
Body:			<none>
HTTP/1.1 405 Method Not Allowed
Date: Mon, 20 Feb 2023 09:41:55 GMT
Content-Type: application/json
Transfer-Encoding: chunked
Connection: keep-alive
Access-Control-Allow-Origin: *
Access-Control-Allow-Methods: GET, POST, DELETE, PUT
Access-Control-Allow-Headers: Content-Type, api_key, Authorization
Server: Jetty(9.2.9.v20150224)

{
    "code": 405,
    "type": "unknown",
    "message": "no data"
}
  &amp#27;[32mGiven &amp#27;[0m&amp#27;[32mUser Invoke the &amp#27;[0m&amp#27;[32m&amp#27;[1m"CREATE"&amp#27;[0m&amp#27;[32m User API service to execute the &amp#27;[0m&amp#27;[32m&amp#27;[1m"postUser_BodyDefined_Is_No"&amp#27;[0m&amp#27;[32m test scenario&amp#27;[0m &amp#27;[90m# com.cloudmore.testSteps.api.UserServiceSteps.get_user_api_service_called(java.lang.String,java.lang.String)&amp#27;[0m
  &amp#27;[31mThen &amp#27;[0m&amp#27;[31mValidate the Response Status Code&amp#27;[0m                                                                    &amp#27;[90m# com.cloudmore.testSteps.api.UserServiceSteps.validateResponseStatusCode()&amp#27;[0m
      &amp#27;[31mjava.lang.AssertionError: Expected status code is not match with actual status code expected [400] but found [405]
	at org.testng.Assert.fail(Assert.java:99)
	at org.testng.Assert.failNotEquals(Assert.java:1037)
	at org.testng.Assert.assertEqualsImpl(Assert.java:140)
	at org.testng.Assert.assertEquals(Assert.java:122)
	at org.testng.Assert.assertEquals(Assert.java:907)
	at com.cloudmore.testSteps.api.UserServiceSteps.validateResponseStatusCode(UserServiceSteps.java:71)
	at âœ½.Validate the Response Status Code(file:///C:/Personal.work/my-repos/cloudmore/cloudmore-qa-automation/src/test/resources/featureFiles/UserServiceAPI.feature:10)
&amp#27;[0m
  &amp#27;[36mThen &amp#27;[0m&amp#27;[36mValidate the response json schema&amp#27;[0m                                                                    &amp#27;[90m# com.cloudmore.testSteps.api.UserServiceSteps.validate_json_schema()&amp#27;[0m
  &amp#27;[36mAnd &amp#27;[0m&amp#27;[36mValidate the Response Body&amp#27;[0m                                                                            &amp#27;[90m# com.cloudmore.testSteps.api.UserServiceSteps.validateResponseBody()&amp#27;[0m
>>>>>>>>> beforeScenario called [@API, @QuestionThree, @assignment, @createUserAPI]
]]></system-out>
  </testcase>
  <testcase name="runScenario[&quot;Verifying the CREATE USER API postUser_BodyApplicationJsonType_Is_NotObject&quot;, &quot;Optional[Verify The CREATE , UPDATE, GET, DELETE APIs of User Service]&quot;](12)" classname="com.cloudmore.runner.TestRunner" time="1.599">
    <system-out><![CDATA[
@API @QuestionThree @assignment @createUserAPI
Scenario Outline: Verifying the CREATE USER API postUser_BodyApplicationJsonType_Is_NotObject                                  &amp#27;[90m# src/test/resources/featureFiles/UserServiceAPI.feature:17&amp#27;[0m
>>>>>>>>> beforeScenario called [@API, @QuestionThree, @assignment, @createUserAPI]
Request method:	POST
Request URI:	https://petstore.swagger.io/v2/user
Proxy:			<none>
Request params:	<none>
Query params:	<none>
Form params:	<none>
Path params:	<none>
Headers:		accept=application/json
				Content-Type=application/json
Cookies:		<none>
Multiparts:		<none>
Body:
test
HTTP/1.1 400 Bad Request
Date: Mon, 20 Feb 2023 09:41:57 GMT
Content-Type: application/json
Transfer-Encoding: chunked
Connection: keep-alive
Access-Control-Allow-Origin: *
Access-Control-Allow-Methods: GET, POST, DELETE, PUT
Access-Control-Allow-Headers: Content-Type, api_key, Authorization
Server: Jetty(9.2.9.v20150224)

{
    "code": 400,
    "type": "unknown",
    "message": "bad input"
}
  &amp#27;[32mGiven &amp#27;[0m&amp#27;[32mUser Invoke the &amp#27;[0m&amp#27;[32m&amp#27;[1m"CREATE"&amp#27;[0m&amp#27;[32m User API service to execute the &amp#27;[0m&amp#27;[32m&amp#27;[1m"postUser_BodyApplicationJsonType_Is_NotObject"&amp#27;[0m&amp#27;[32m test scenario&amp#27;[0m &amp#27;[90m# com.cloudmore.testSteps.api.UserServiceSteps.get_user_api_service_called(java.lang.String,java.lang.String)&amp#27;[0m
  &amp#27;[32mThen &amp#27;[0m&amp#27;[32mValidate the Response Status Code&amp#27;[0m                                                                                       &amp#27;[90m# com.cloudmore.testSteps.api.UserServiceSteps.validateResponseStatusCode()&amp#27;[0m
  &amp#27;[32mThen &amp#27;[0m&amp#27;[32mValidate the response json schema&amp#27;[0m                                                                                       &amp#27;[90m# com.cloudmore.testSteps.api.UserServiceSteps.validate_json_schema()&amp#27;[0m
  &amp#27;[32mAnd &amp#27;[0m&amp#27;[32mValidate the Response Body&amp#27;[0m                                                                                               &amp#27;[90m# com.cloudmore.testSteps.api.UserServiceSteps.validateResponseBody()&amp#27;[0m
>>>>>>>>> beforeScenario called [@API, @QuestionThree, @assignment, @createUserAPI]
]]></system-out>
  </testcase>
  <testcase name="runScenario[&quot;Verifying the CREATE USER API postUser_BodyApplicationJsonValueProperties_Are_Null&quot;, &quot;Optional[Verify The CREATE , UPDATE, GET, DELETE APIs of User Service]&quot;](13)" classname="com.cloudmore.runner.TestRunner" time="0">
    <skipped message="Expected status code is not match with actual status code expected [400] but found [200]"/>
    <system-out><![CDATA[
@API @QuestionThree @assignment @createUserAPI
Scenario Outline: Verifying the CREATE USER API postUser_BodyApplicationJsonValueProperties_Are_Null                                  &amp#27;[90m# src/test/resources/featureFiles/UserServiceAPI.feature:18&amp#27;[0m
>>>>>>>>> beforeScenario called [@API, @QuestionThree, @assignment, @createUserAPI]
Request method:	POST
Request URI:	https://petstore.swagger.io/v2/user
Proxy:			<none>
Request params:	<none>
Query params:	<none>
Form params:	<none>
Path params:	<none>
Headers:		accept=application/json
				Content-Type=application/json
Cookies:		<none>
Multiparts:		<none>
Body:
{
    "id": 0,
    "username": null,
    "firstName": null,
    "lastName": null,
    "email": null,
    "password": null,
    "phone": null,
    "userStatus": 0
}
HTTP/1.1 200 OK
Date: Mon, 20 Feb 2023 09:41:59 GMT
Content-Type: application/json
Transfer-Encoding: chunked
Connection: keep-alive
Access-Control-Allow-Origin: *
Access-Control-Allow-Methods: GET, POST, DELETE, PUT
Access-Control-Allow-Headers: Content-Type, api_key, Authorization
Server: Jetty(9.2.9.v20150224)

{
    "code": 200,
    "type": "unknown",
    "message": "0"
}
  &amp#27;[32mGiven &amp#27;[0m&amp#27;[32mUser Invoke the &amp#27;[0m&amp#27;[32m&amp#27;[1m"CREATE"&amp#27;[0m&amp#27;[32m User API service to execute the &amp#27;[0m&amp#27;[32m&amp#27;[1m"postUser_BodyApplicationJsonValueProperties_Are_Null"&amp#27;[0m&amp#27;[32m test scenario&amp#27;[0m &amp#27;[90m# com.cloudmore.testSteps.api.UserServiceSteps.get_user_api_service_called(java.lang.String,java.lang.String)&amp#27;[0m
  &amp#27;[31mThen &amp#27;[0m&amp#27;[31mValidate the Response Status Code&amp#27;[0m                                                                                              &amp#27;[90m# com.cloudmore.testSteps.api.UserServiceSteps.validateResponseStatusCode()&amp#27;[0m
      &amp#27;[31mjava.lang.AssertionError: Expected status code is not match with actual status code expected [400] but found [200]
	at org.testng.Assert.fail(Assert.java:99)
	at org.testng.Assert.failNotEquals(Assert.java:1037)
	at org.testng.Assert.assertEqualsImpl(Assert.java:140)
	at org.testng.Assert.assertEquals(Assert.java:122)
	at org.testng.Assert.assertEquals(Assert.java:907)
	at com.cloudmore.testSteps.api.UserServiceSteps.validateResponseStatusCode(UserServiceSteps.java:71)
	at âœ½.Validate the Response Status Code(file:///C:/Personal.work/my-repos/cloudmore/cloudmore-qa-automation/src/test/resources/featureFiles/UserServiceAPI.feature:10)
&amp#27;[0m
  &amp#27;[36mThen &amp#27;[0m&amp#27;[36mValidate the response json schema&amp#27;[0m                                                                                              &amp#27;[90m# com.cloudmore.testSteps.api.UserServiceSteps.validate_json_schema()&amp#27;[0m
  &amp#27;[36mAnd &amp#27;[0m&amp#27;[36mValidate the Response Body&amp#27;[0m                                                                                                      &amp#27;[90m# com.cloudmore.testSteps.api.UserServiceSteps.validateResponseBody()&amp#27;[0m
>>>>>>>>> beforeScenario called [@API, @QuestionThree, @assignment, @createUserAPI]
]]></system-out>
  </testcase>
  <testcase name="runScenario[&quot;Verifying the CREATE USER API postUser_BodyApplicationJsonValueProperties_Are_Null&quot;, &quot;Optional[Verify The CREATE , UPDATE, GET, DELETE APIs of User Service]&quot;](14)" classname="com.cloudmore.runner.TestRunner" time="1.666">
    <failure message="Expected status code is not match with actual status code expected [400] but found [200]" type="java.lang.AssertionError"><![CDATA[java.lang.AssertionError: Expected status code is not match with actual status code expected [400] but found [200]
]]></failure>
    <system-out><![CDATA[
@API @QuestionThree @assignment @createUserAPI
Scenario Outline: Verifying the CREATE USER API postUser_BodyApplicationJsonValueProperties_Are_Null                                  &amp#27;[90m# src/test/resources/featureFiles/UserServiceAPI.feature:18&amp#27;[0m
>>>>>>>>> beforeScenario called [@API, @QuestionThree, @assignment, @createUserAPI]
Request method:	POST
Request URI:	https://petstore.swagger.io/v2/user
Proxy:			<none>
Request params:	<none>
Query params:	<none>
Form params:	<none>
Path params:	<none>
Headers:		accept=application/json
				Content-Type=application/json
Cookies:		<none>
Multiparts:		<none>
Body:
{
    "id": 0,
    "username": null,
    "firstName": null,
    "lastName": null,
    "email": null,
    "password": null,
    "phone": null,
    "userStatus": 0
}
HTTP/1.1 200 OK
Date: Mon, 20 Feb 2023 09:42:00 GMT
Content-Type: application/json
Transfer-Encoding: chunked
Connection: keep-alive
Access-Control-Allow-Origin: *
Access-Control-Allow-Methods: GET, POST, DELETE, PUT
Access-Control-Allow-Headers: Content-Type, api_key, Authorization
Server: Jetty(9.2.9.v20150224)

{
    "code": 200,
    "type": "unknown",
    "message": "0"
}
  &amp#27;[32mGiven &amp#27;[0m&amp#27;[32mUser Invoke the &amp#27;[0m&amp#27;[32m&amp#27;[1m"CREATE"&amp#27;[0m&amp#27;[32m User API service to execute the &amp#27;[0m&amp#27;[32m&amp#27;[1m"postUser_BodyApplicationJsonValueProperties_Are_Null"&amp#27;[0m&amp#27;[32m test scenario&amp#27;[0m &amp#27;[90m# com.cloudmore.testSteps.api.UserServiceSteps.get_user_api_service_called(java.lang.String,java.lang.String)&amp#27;[0m
  &amp#27;[31mThen &amp#27;[0m&amp#27;[31mValidate the Response Status Code&amp#27;[0m                                                                                              &amp#27;[90m# com.cloudmore.testSteps.api.UserServiceSteps.validateResponseStatusCode()&amp#27;[0m
      &amp#27;[31mjava.lang.AssertionError: Expected status code is not match with actual status code expected [400] but found [200]
	at org.testng.Assert.fail(Assert.java:99)
	at org.testng.Assert.failNotEquals(Assert.java:1037)
	at org.testng.Assert.assertEqualsImpl(Assert.java:140)
	at org.testng.Assert.assertEquals(Assert.java:122)
	at org.testng.Assert.assertEquals(Assert.java:907)
	at com.cloudmore.testSteps.api.UserServiceSteps.validateResponseStatusCode(UserServiceSteps.java:71)
	at âœ½.Validate the Response Status Code(file:///C:/Personal.work/my-repos/cloudmore/cloudmore-qa-automation/src/test/resources/featureFiles/UserServiceAPI.feature:10)
&amp#27;[0m
  &amp#27;[36mThen &amp#27;[0m&amp#27;[36mValidate the response json schema&amp#27;[0m                                                                                              &amp#27;[90m# com.cloudmore.testSteps.api.UserServiceSteps.validate_json_schema()&amp#27;[0m
  &amp#27;[36mAnd &amp#27;[0m&amp#27;[36mValidate the Response Body&amp#27;[0m                                                                                                      &amp#27;[90m# com.cloudmore.testSteps.api.UserServiceSteps.validateResponseBody()&amp#27;[0m
>>>>>>>>> beforeScenario called [@API, @QuestionThree, @assignment, @createUserAPI]
]]></system-out>
  </testcase>
  <testcase name="runScenario[&quot;Verifying the GET USER API getUser_valid_usernameDefined_Is_Yes&quot;, &quot;Optional[Verify The CREATE , UPDATE, GET, DELETE APIs of User Service]&quot;](15)" classname="com.cloudmore.runner.TestRunner" time="0">
    <skipped message="Expected Response is not match with actual Response body expected [{&#10;  &quot;id&quot;: 122,&#10;  &quot;username&quot;: &quot;AkilaTEST&quot;,&#10;  &quot;firstName&quot;: &quot;Dhanushaka&quot;,&#10;  &quot;lastName&quot;: &quot;Samaranayake&quot;,&#10;  &quot;email&quot;: &quot;akila@email.com&quot;,&#10;  &quot;password&quot;: &quot;testPassword&quot;,&#10;  &quot;phone&quot;: &quot;+94717147499&quot;,&#10;  &quot;userStatus&quot;: 1&#10;}] but found [{&#10;    &quot;id&quot;: 122,&#10;    &quot;username&quot;: &quot;AkilaTEST&quot;,&#10;    &quot;firstName&quot;: &quot;Dhanushaka&quot;,&#10;    &quot;lastName&quot;: &quot;Samaranayake&quot;,&#10;    &quot;email&quot;: &quot;akila@email.com&quot;,&#10;    &quot;password&quot;: &quot;testPassword&quot;,&#10;    &quot;phone&quot;: &quot;+94717147499&quot;,&#10;    &quot;userStatus&quot;: 1&#10;}]"/>
    <system-out><![CDATA[
@API @QuestionThree @assignment @getUserAPI
Scenario Outline: Verifying the GET USER API getUser_valid_usernameDefined_Is_Yes                                  &amp#27;[90m# src/test/resources/featureFiles/UserServiceAPI.feature:28&amp#27;[0m
>>>>>>>>> beforeScenario called [@API, @QuestionThree, @assignment, @getUserAPI]
Request method:	GET
Request URI:	https://petstore.swagger.io/v2/user/AkilaTEST
Proxy:			<none>
Request params:	<none>
Query params:	<none>
Form params:	<none>
Path params:	<none>
Headers:		accept=application/json
Cookies:		<none>
Multiparts:		<none>
Body:			<none>
HTTP/1.1 200 OK
Date: Mon, 20 Feb 2023 09:42:02 GMT
Content-Type: application/json
Transfer-Encoding: chunked
Connection: keep-alive
Access-Control-Allow-Origin: *
Access-Control-Allow-Methods: GET, POST, DELETE, PUT
Access-Control-Allow-Headers: Content-Type, api_key, Authorization
Server: Jetty(9.2.9.v20150224)

{
    "id": 122,
    "username": "AkilaTEST",
    "firstName": "Dhanushaka",
    "lastName": "Samaranayake",
    "email": "akila@email.com",
    "password": "testPassword",
    "phone": "+94717147499",
    "userStatus": 1
}
  &amp#27;[32mGiven &amp#27;[0m&amp#27;[32mUser Invoke the &amp#27;[0m&amp#27;[32m&amp#27;[1m"GET"&amp#27;[0m&amp#27;[32m User API service to execute the &amp#27;[0m&amp#27;[32m&amp#27;[1m"getUser_valid_usernameDefined_Is_Yes"&amp#27;[0m&amp#27;[32m test scenario&amp#27;[0m &amp#27;[90m# com.cloudmore.testSteps.api.UserServiceSteps.get_user_api_service_called(java.lang.String,java.lang.String)&amp#27;[0m
  &amp#27;[32mThen &amp#27;[0m&amp#27;[32mValidate the Response Status Code&amp#27;[0m                                                                           &amp#27;[90m# com.cloudmore.testSteps.api.UserServiceSteps.validateResponseStatusCode()&amp#27;[0m
  &amp#27;[32mThen &amp#27;[0m&amp#27;[32mValidate the response json schema&amp#27;[0m                                                                           &amp#27;[90m# com.cloudmore.testSteps.api.UserServiceSteps.validate_json_schema()&amp#27;[0m
  &amp#27;[31mAnd &amp#27;[0m&amp#27;[31mValidate the Response Body&amp#27;[0m                                                                                   &amp#27;[90m# com.cloudmore.testSteps.api.UserServiceSteps.validateResponseBody()&amp#27;[0m
      &amp#27;[31mjava.lang.AssertionError: Expected Response is not match with actual Response body expected [{
  "id": 122,
  "username": "AkilaTEST",
  "firstName": "Dhanushaka",
  "lastName": "Samaranayake",
  "email": "akila@email.com",
  "password": "testPassword",
  "phone": "+94717147499",
  "userStatus": 1
}] but found [{
    "id": 122,
    "username": "AkilaTEST",
    "firstName": "Dhanushaka",
    "lastName": "Samaranayake",
    "email": "akila@email.com",
    "password": "testPassword",
    "phone": "+94717147499",
    "userStatus": 1
}]
	at org.testng.Assert.fail(Assert.java:99)
	at org.testng.Assert.failNotEquals(Assert.java:1037)
	at org.testng.Assert.assertEqualsImpl(Assert.java:140)
	at org.testng.Assert.assertEquals(Assert.java:122)
	at org.testng.Assert.assertEquals(Assert.java:629)
	at com.cloudmore.testSteps.api.UserServiceSteps.validateResponseBody(UserServiceSteps.java:76)
	at âœ½.Validate the Response Body(file:///C:/Personal.work/my-repos/cloudmore/cloudmore-qa-automation/src/test/resources/featureFiles/UserServiceAPI.feature:25)
&amp#27;[0m
>>>>>>>>> beforeScenario called [@API, @QuestionThree, @assignment, @getUserAPI]
]]></system-out>
  </testcase>
  <testcase name="runScenario[&quot;Verifying the GET USER API getUser_valid_usernameDefined_Is_Yes&quot;, &quot;Optional[Verify The CREATE , UPDATE, GET, DELETE APIs of User Service]&quot;](16)" classname="com.cloudmore.runner.TestRunner" time="1.707">
    <failure message="Expected Response is not match with actual Response body expected [{&#10;  &quot;id&quot;: 122,&#10;  &quot;username&quot;: &quot;AkilaTEST&quot;,&#10;  &quot;firstName&quot;: &quot;Dhanushaka&quot;,&#10;  &quot;lastName&quot;: &quot;Samaranayake&quot;,&#10;  &quot;email&quot;: &quot;akila@email.com&quot;,&#10;  &quot;password&quot;: &quot;testPassword&quot;,&#10;  &quot;phone&quot;: &quot;+94717147499&quot;,&#10;  &quot;userStatus&quot;: 1&#10;}] but found [{&#10;    &quot;id&quot;: 122,&#10;    &quot;username&quot;: &quot;AkilaTEST&quot;,&#10;    &quot;firstName&quot;: &quot;Dhanushaka&quot;,&#10;    &quot;lastName&quot;: &quot;Samaranayake&quot;,&#10;    &quot;email&quot;: &quot;akila@email.com&quot;,&#10;    &quot;password&quot;: &quot;testPassword&quot;,&#10;    &quot;phone&quot;: &quot;+94717147499&quot;,&#10;    &quot;userStatus&quot;: 1&#10;}]" type="java.lang.AssertionError"><![CDATA[java.lang.AssertionError: 
Expected Response is not match with actual Response body expected [{
  "id": 122,
  "username": "AkilaTEST",
  "firstName": "Dhanushaka",
  "lastName": "Samaranayake",
  "email": "akila@email.com",
  "password": "testPassword",
  "phone": "+94717147499",
  "userStatus": 1
}] but found [{
    "id": 122,
    "username": "AkilaTEST",
    "firstName": "Dhanushaka",
    "lastName": "Samaranayake",
    "email": "akila@email.com",
    "password": "testPassword",
    "phone": "+94717147499",
    "userStatus": 1
}]
]]></failure>
    <system-out><![CDATA[
@API @QuestionThree @assignment @getUserAPI
Scenario Outline: Verifying the GET USER API getUser_valid_usernameDefined_Is_Yes                                  &amp#27;[90m# src/test/resources/featureFiles/UserServiceAPI.feature:28&amp#27;[0m
>>>>>>>>> beforeScenario called [@API, @QuestionThree, @assignment, @getUserAPI]
Request method:	GET
Request URI:	https://petstore.swagger.io/v2/user/AkilaTEST
Proxy:			<none>
Request params:	<none>
Query params:	<none>
Form params:	<none>
Path params:	<none>
Headers:		accept=application/json
Cookies:		<none>
Multiparts:		<none>
Body:			<none>
HTTP/1.1 200 OK
Date: Mon, 20 Feb 2023 09:42:04 GMT
Content-Type: application/json
Transfer-Encoding: chunked
Connection: keep-alive
Access-Control-Allow-Origin: *
Access-Control-Allow-Methods: GET, POST, DELETE, PUT
Access-Control-Allow-Headers: Content-Type, api_key, Authorization
Server: Jetty(9.2.9.v20150224)

{
    "id": 122,
    "username": "AkilaTEST",
    "firstName": "Dhanushaka",
    "lastName": "Samaranayake",
    "email": "akila@email.com",
    "password": "testPassword",
    "phone": "+94717147499",
    "userStatus": 1
}
  &amp#27;[32mGiven &amp#27;[0m&amp#27;[32mUser Invoke the &amp#27;[0m&amp#27;[32m&amp#27;[1m"GET"&amp#27;[0m&amp#27;[32m User API service to execute the &amp#27;[0m&amp#27;[32m&amp#27;[1m"getUser_valid_usernameDefined_Is_Yes"&amp#27;[0m&amp#27;[32m test scenario&amp#27;[0m &amp#27;[90m# com.cloudmore.testSteps.api.UserServiceSteps.get_user_api_service_called(java.lang.String,java.lang.String)&amp#27;[0m
  &amp#27;[32mThen &amp#27;[0m&amp#27;[32mValidate the Response Status Code&amp#27;[0m                                                                           &amp#27;[90m# com.cloudmore.testSteps.api.UserServiceSteps.validateResponseStatusCode()&amp#27;[0m
  &amp#27;[32mThen &amp#27;[0m&amp#27;[32mValidate the response json schema&amp#27;[0m                                                                           &amp#27;[90m# com.cloudmore.testSteps.api.UserServiceSteps.validate_json_schema()&amp#27;[0m
  &amp#27;[31mAnd &amp#27;[0m&amp#27;[31mValidate the Response Body&amp#27;[0m                                                                                   &amp#27;[90m# com.cloudmore.testSteps.api.UserServiceSteps.validateResponseBody()&amp#27;[0m
      &amp#27;[31mjava.lang.AssertionError: Expected Response is not match with actual Response body expected [{
  "id": 122,
  "username": "AkilaTEST",
  "firstName": "Dhanushaka",
  "lastName": "Samaranayake",
  "email": "akila@email.com",
  "password": "testPassword",
  "phone": "+94717147499",
  "userStatus": 1
}] but found [{
    "id": 122,
    "username": "AkilaTEST",
    "firstName": "Dhanushaka",
    "lastName": "Samaranayake",
    "email": "akila@email.com",
    "password": "testPassword",
    "phone": "+94717147499",
    "userStatus": 1
}]
	at org.testng.Assert.fail(Assert.java:99)
	at org.testng.Assert.failNotEquals(Assert.java:1037)
	at org.testng.Assert.assertEqualsImpl(Assert.java:140)
	at org.testng.Assert.assertEquals(Assert.java:122)
	at org.testng.Assert.assertEquals(Assert.java:629)
	at com.cloudmore.testSteps.api.UserServiceSteps.validateResponseBody(UserServiceSteps.java:76)
	at âœ½.Validate the Response Body(file:///C:/Personal.work/my-repos/cloudmore/cloudmore-qa-automation/src/test/resources/featureFiles/UserServiceAPI.feature:25)
&amp#27;[0m
>>>>>>>>> beforeScenario called [@API, @QuestionThree, @assignment, @getUserAPI]
]]></system-out>
  </testcase>
  <testcase name="runScenario[&quot;Verifying the GET USER API getUser_invalid_usernameDefined_Is_Yes&quot;, &quot;Optional[Verify The CREATE , UPDATE, GET, DELETE APIs of User Service]&quot;](17)" classname="com.cloudmore.runner.TestRunner" time="1.606">
    <system-out><![CDATA[
@API @QuestionThree @assignment @getUserAPI
Scenario Outline: Verifying the GET USER API getUser_invalid_usernameDefined_Is_Yes                                  &amp#27;[90m# src/test/resources/featureFiles/UserServiceAPI.feature:29&amp#27;[0m
>>>>>>>>> beforeScenario called [@API, @QuestionThree, @assignment, @getUserAPI]
Request method:	GET
Request URI:	https://petstore.swagger.io/v2/user/invalidUserName
Proxy:			<none>
Request params:	<none>
Query params:	<none>
Form params:	<none>
Path params:	<none>
Headers:		accept=application/json
Cookies:		<none>
Multiparts:		<none>
Body:			<none>
HTTP/1.1 404 Not Found
Date: Mon, 20 Feb 2023 09:42:05 GMT
Content-Type: application/json
Transfer-Encoding: chunked
Connection: keep-alive
Access-Control-Allow-Origin: *
Access-Control-Allow-Methods: GET, POST, DELETE, PUT
Access-Control-Allow-Headers: Content-Type, api_key, Authorization
Server: Jetty(9.2.9.v20150224)

{
    "code": 1,
    "type": "error",
    "message": "User not found"
}
  &amp#27;[32mGiven &amp#27;[0m&amp#27;[32mUser Invoke the &amp#27;[0m&amp#27;[32m&amp#27;[1m"GET"&amp#27;[0m&amp#27;[32m User API service to execute the &amp#27;[0m&amp#27;[32m&amp#27;[1m"getUser_invalid_usernameDefined_Is_Yes"&amp#27;[0m&amp#27;[32m test scenario&amp#27;[0m &amp#27;[90m# com.cloudmore.testSteps.api.UserServiceSteps.get_user_api_service_called(java.lang.String,java.lang.String)&amp#27;[0m
  &amp#27;[32mThen &amp#27;[0m&amp#27;[32mValidate the Response Status Code&amp#27;[0m                                                                             &amp#27;[90m# com.cloudmore.testSteps.api.UserServiceSteps.validateResponseStatusCode()&amp#27;[0m
  &amp#27;[32mThen &amp#27;[0m&amp#27;[32mValidate the response json schema&amp#27;[0m                                                                             &amp#27;[90m# com.cloudmore.testSteps.api.UserServiceSteps.validate_json_schema()&amp#27;[0m
  &amp#27;[32mAnd &amp#27;[0m&amp#27;[32mValidate the Response Body&amp#27;[0m                                                                                     &amp#27;[90m# com.cloudmore.testSteps.api.UserServiceSteps.validateResponseBody()&amp#27;[0m
>>>>>>>>> beforeScenario called [@API, @QuestionThree, @assignment, @getUserAPI]
]]></system-out>
  </testcase>
  <testcase name="runScenario[&quot;Verifying the GET USER API getUser_username_Is_Null&quot;, &quot;Optional[Verify The CREATE , UPDATE, GET, DELETE APIs of User Service]&quot;](18)" classname="com.cloudmore.runner.TestRunner" time="0">
    <skipped message="1 expectation failed.&#10;Response body doesn&apos;t match expectation.&#10;Expected: The content to match the given JSON schema.&#10;error: object has missing required properties ([&quot;message&quot;])&#10;    level: &quot;error&quot;&#10;    schema: {&quot;loadingURI&quot;:&quot;#&quot;,&quot;pointer&quot;:&quot;&quot;}&#10;    instance: {&quot;pointer&quot;:&quot;&quot;}&#10;    domain: &quot;validation&quot;&#10;    keyword: &quot;required&quot;&#10;    required: [&quot;code&quot;,&quot;message&quot;,&quot;type&quot;]&#10;    missing: [&quot;message&quot;]&#10;&#10;  Actual: {&quot;code&quot;:405,&quot;type&quot;:&quot;unknown&quot;}&#10;"/>
    <system-out><![CDATA[
@API @QuestionThree @assignment @getUserAPI
Scenario Outline: Verifying the GET USER API getUser_username_Is_Null                                  &amp#27;[90m# src/test/resources/featureFiles/UserServiceAPI.feature:30&amp#27;[0m
>>>>>>>>> beforeScenario called [@API, @QuestionThree, @assignment, @getUserAPI]
Request method:	GET
Request URI:	https://petstore.swagger.io/v2/user/
Proxy:			<none>
Request params:	<none>
Query params:	<none>
Form params:	<none>
Path params:	<none>
Headers:		accept=application/json
Cookies:		<none>
Multiparts:		<none>
Body:			<none>
HTTP/1.1 405 Method Not Allowed
Date: Mon, 20 Feb 2023 09:42:07 GMT
Content-Type: application/json
Transfer-Encoding: chunked
Connection: keep-alive
Access-Control-Allow-Origin: *
Access-Control-Allow-Methods: GET, POST, DELETE, PUT
Access-Control-Allow-Headers: Content-Type, api_key, Authorization
Server: Jetty(9.2.9.v20150224)

{
    "code": 405,
    "type": "unknown"
}
  &amp#27;[32mGiven &amp#27;[0m&amp#27;[32mUser Invoke the &amp#27;[0m&amp#27;[32m&amp#27;[1m"GET"&amp#27;[0m&amp#27;[32m User API service to execute the &amp#27;[0m&amp#27;[32m&amp#27;[1m"getUser_username_Is_Null"&amp#27;[0m&amp#27;[32m test scenario&amp#27;[0m &amp#27;[90m# com.cloudmore.testSteps.api.UserServiceSteps.get_user_api_service_called(java.lang.String,java.lang.String)&amp#27;[0m
  &amp#27;[32mThen &amp#27;[0m&amp#27;[32mValidate the Response Status Code&amp#27;[0m                                                               &amp#27;[90m# com.cloudmore.testSteps.api.UserServiceSteps.validateResponseStatusCode()&amp#27;[0m
  &amp#27;[31mThen &amp#27;[0m&amp#27;[31mValidate the response json schema&amp#27;[0m                                                               &amp#27;[90m# com.cloudmore.testSteps.api.UserServiceSteps.validate_json_schema()&amp#27;[0m
      &amp#27;[31mjava.lang.AssertionError: 1 expectation failed.
Response body doesn't match expectation.
Expected: The content to match the given JSON schema.
error: object has missing required properties (["message"])
    level: "error"
    schema: {"loadingURI":"#","pointer":""}
    instance: {"pointer":""}
    domain: "validation"
    keyword: "required"
    required: ["code","message","type"]
    missing: ["message"]

  Actual: {"code":405,"type":"unknown"}

	at java.base/jdk.internal.reflect.NativeConstructorAccessorImpl.newInstance0(Native Method)
	at java.base/jdk.internal.reflect.NativeConstructorAccessorImpl.newInstance(NativeConstructorAccessorImpl.java:62)
	at java.base/jdk.internal.reflect.DelegatingConstructorAccessorImpl.newInstance(DelegatingConstructorAccessorImpl.java:45)
	at java.base/java.lang.reflect.Constructor.newInstance(Constructor.java:490)
	at org.codehaus.groovy.reflection.CachedConstructor.invoke(CachedConstructor.java:72)
	at org.codehaus.groovy.reflection.CachedConstructor.doConstructorInvoke(CachedConstructor.java:59)
	at org.codehaus.groovy.runtime.callsite.ConstructorSite$ConstructorSiteNoUnwrap.callConstructor(ConstructorSite.java:84)
	at org.codehaus.groovy.runtime.callsite.CallSiteArray.defaultCallConstructor(CallSiteArray.java:59)
	at org.codehaus.groovy.runtime.callsite.AbstractCallSite.callConstructor(AbstractCallSite.java:263)
	at org.codehaus.groovy.runtime.callsite.AbstractCallSite.callConstructor(AbstractCallSite.java:277)
	at io.restassured.internal.ResponseSpecificationImpl$HamcrestAssertionClosure.validate(ResponseSpecificationImpl.groovy:493)
	at io.restassured.internal.ResponseSpecificationImpl$HamcrestAssertionClosure$validate$1.call(Unknown Source)
	at io.restassured.internal.ResponseSpecificationImpl.validateResponseIfRequired(ResponseSpecificationImpl.groovy:674)
	at java.base/jdk.internal.reflect.NativeMethodAccessorImpl.invoke0(Native Method)
	at java.base/jdk.internal.reflect.NativeMethodAccessorImpl.invoke(NativeMethodAccessorImpl.java:62)
	at java.base/jdk.internal.reflect.DelegatingMethodAccessorImpl.invoke(DelegatingMethodAccessorImpl.java:43)
	at java.base/java.lang.reflect.Method.invoke(Method.java:566)
	at org.codehaus.groovy.runtime.callsite.PlainObjectMetaMethodSite.doInvoke(PlainObjectMetaMethodSite.java:43)
	at org.codehaus.groovy.runtime.callsite.PogoMetaMethodSite$PogoCachedMethodSiteNoUnwrapNoCoerce.invoke(PogoMetaMethodSite.java:193)
	at org.codehaus.groovy.runtime.callsite.PogoMetaMethodSite.callCurrent(PogoMetaMethodSite.java:61)
	at org.codehaus.groovy.runtime.callsite.AbstractCallSite.callCurrent(AbstractCallSite.java:185)
	at io.restassured.internal.ResponseSpecificationImpl.body(ResponseSpecificationImpl.groovy:98)
	at io.restassured.internal.ValidatableResponseOptionsImpl.body(ValidatableResponseOptionsImpl.java:238)
	at io.restassured.internal.ValidatableResponseImpl.super$2$body(ValidatableResponseImpl.groovy)
	at java.base/jdk.internal.reflect.NativeMethodAccessorImpl.invoke0(Native Method)
	at java.base/jdk.internal.reflect.NativeMethodAccessorImpl.invoke(NativeMethodAccessorImpl.java:62)
	at java.base/jdk.internal.reflect.DelegatingMethodAccessorImpl.invoke(DelegatingMethodAccessorImpl.java:43)
	at java.base/java.lang.reflect.Method.invoke(Method.java:566)
	at org.codehaus.groovy.reflection.CachedMethod.invoke(CachedMethod.java:107)
	at groovy.lang.MetaMethod.doMethodInvoke(MetaMethod.java:323)
	at groovy.lang.MetaClassImpl.invokeMethod(MetaClassImpl.java:1268)
	at org.codehaus.groovy.runtime.ScriptBytecodeAdapter.invokeMethodOnSuperN(ScriptBytecodeAdapter.java:144)
	at io.restassured.internal.ValidatableResponseImpl.body(ValidatableResponseImpl.groovy:293)
	at io.restassured.internal.ValidatableResponseImpl.body(ValidatableResponseImpl.groovy)
	at com.cloudmore.testSteps.api.UserServiceSteps.validate_json_schema(UserServiceSteps.java:104)
	at âœ½.Validate the response json schema(file:///C:/Personal.work/my-repos/cloudmore/cloudmore-qa-automation/src/test/resources/featureFiles/UserServiceAPI.feature:24)
&amp#27;[0m
  &amp#27;[36mAnd &amp#27;[0m&amp#27;[36mValidate the Response Body&amp#27;[0m                                                                       &amp#27;[90m# com.cloudmore.testSteps.api.UserServiceSteps.validateResponseBody()&amp#27;[0m
>>>>>>>>> beforeScenario called [@API, @QuestionThree, @assignment, @getUserAPI]
]]></system-out>
  </testcase>
  <testcase name="runScenario[&quot;Verifying the GET USER API getUser_username_Is_Null&quot;, &quot;Optional[Verify The CREATE , UPDATE, GET, DELETE APIs of User Service]&quot;](19)" classname="com.cloudmore.runner.TestRunner" time="1.636">
    <failure message="1 expectation failed.&#10;Response body doesn&apos;t match expectation.&#10;Expected: The content to match the given JSON schema.&#10;error: object has missing required properties ([&quot;message&quot;])&#10;    level: &quot;error&quot;&#10;    schema: {&quot;loadingURI&quot;:&quot;#&quot;,&quot;pointer&quot;:&quot;&quot;}&#10;    instance: {&quot;pointer&quot;:&quot;&quot;}&#10;    domain: &quot;validation&quot;&#10;    keyword: &quot;required&quot;&#10;    required: [&quot;code&quot;,&quot;message&quot;,&quot;type&quot;]&#10;    missing: [&quot;message&quot;]&#10;&#10;  Actual: {&quot;code&quot;:405,&quot;type&quot;:&quot;unknown&quot;}&#10;" type="java.lang.AssertionError"><![CDATA[java.lang.AssertionError: 
1 expectation failed.
Response body doesn't match expectation.
Expected: The content to match the given JSON schema.
error: object has missing required properties (["message"])
    level: "error"
    schema: {"loadingURI":"#","pointer":""}
    instance: {"pointer":""}
    domain: "validation"
    keyword: "required"
    required: ["code","message","type"]
    missing: ["message"]

  Actual: {"code":405,"type":"unknown"}

]]></failure>
    <system-out><![CDATA[
@API @QuestionThree @assignment @getUserAPI
Scenario Outline: Verifying the GET USER API getUser_username_Is_Null                                  &amp#27;[90m# src/test/resources/featureFiles/UserServiceAPI.feature:30&amp#27;[0m
>>>>>>>>> beforeScenario called [@API, @QuestionThree, @assignment, @getUserAPI]
Request method:	GET
Request URI:	https://petstore.swagger.io/v2/user/
Proxy:			<none>
Request params:	<none>
Query params:	<none>
Form params:	<none>
Path params:	<none>
Headers:		accept=application/json
Cookies:		<none>
Multiparts:		<none>
Body:			<none>
HTTP/1.1 405 Method Not Allowed
Date: Mon, 20 Feb 2023 09:42:09 GMT
Content-Type: application/json
Transfer-Encoding: chunked
Connection: keep-alive
Access-Control-Allow-Origin: *
Access-Control-Allow-Methods: GET, POST, DELETE, PUT
Access-Control-Allow-Headers: Content-Type, api_key, Authorization
Server: Jetty(9.2.9.v20150224)

{
    "code": 405,
    "type": "unknown"
}
  &amp#27;[32mGiven &amp#27;[0m&amp#27;[32mUser Invoke the &amp#27;[0m&amp#27;[32m&amp#27;[1m"GET"&amp#27;[0m&amp#27;[32m User API service to execute the &amp#27;[0m&amp#27;[32m&amp#27;[1m"getUser_username_Is_Null"&amp#27;[0m&amp#27;[32m test scenario&amp#27;[0m &amp#27;[90m# com.cloudmore.testSteps.api.UserServiceSteps.get_user_api_service_called(java.lang.String,java.lang.String)&amp#27;[0m
  &amp#27;[32mThen &amp#27;[0m&amp#27;[32mValidate the Response Status Code&amp#27;[0m                                                               &amp#27;[90m# com.cloudmore.testSteps.api.UserServiceSteps.validateResponseStatusCode()&amp#27;[0m
  &amp#27;[31mThen &amp#27;[0m&amp#27;[31mValidate the response json schema&amp#27;[0m                                                               &amp#27;[90m# com.cloudmore.testSteps.api.UserServiceSteps.validate_json_schema()&amp#27;[0m
      &amp#27;[31mjava.lang.AssertionError: 1 expectation failed.
Response body doesn't match expectation.
Expected: The content to match the given JSON schema.
error: object has missing required properties (["message"])
    level: "error"
    schema: {"loadingURI":"#","pointer":""}
    instance: {"pointer":""}
    domain: "validation"
    keyword: "required"
    required: ["code","message","type"]
    missing: ["message"]

  Actual: {"code":405,"type":"unknown"}

	at java.base/jdk.internal.reflect.NativeConstructorAccessorImpl.newInstance0(Native Method)
	at java.base/jdk.internal.reflect.NativeConstructorAccessorImpl.newInstance(NativeConstructorAccessorImpl.java:62)
	at java.base/jdk.internal.reflect.DelegatingConstructorAccessorImpl.newInstance(DelegatingConstructorAccessorImpl.java:45)
	at java.base/java.lang.reflect.Constructor.newInstance(Constructor.java:490)
	at org.codehaus.groovy.reflection.CachedConstructor.invoke(CachedConstructor.java:72)
	at org.codehaus.groovy.reflection.CachedConstructor.doConstructorInvoke(CachedConstructor.java:59)
	at org.codehaus.groovy.runtime.callsite.ConstructorSite$ConstructorSiteNoUnwrap.callConstructor(ConstructorSite.java:84)
	at org.codehaus.groovy.runtime.callsite.AbstractCallSite.callConstructor(AbstractCallSite.java:277)
	at io.restassured.internal.ResponseSpecificationImpl$HamcrestAssertionClosure.validate(ResponseSpecificationImpl.groovy:493)
	at io.restassured.internal.ResponseSpecificationImpl$HamcrestAssertionClosure$validate$1.call(Unknown Source)
	at io.restassured.internal.ResponseSpecificationImpl.validateResponseIfRequired(ResponseSpecificationImpl.groovy:674)
	at java.base/jdk.internal.reflect.NativeMethodAccessorImpl.invoke0(Native Method)
	at java.base/jdk.internal.reflect.NativeMethodAccessorImpl.invoke(NativeMethodAccessorImpl.java:62)
	at java.base/jdk.internal.reflect.DelegatingMethodAccessorImpl.invoke(DelegatingMethodAccessorImpl.java:43)
	at java.base/java.lang.reflect.Method.invoke(Method.java:566)
	at org.codehaus.groovy.runtime.callsite.PlainObjectMetaMethodSite.doInvoke(PlainObjectMetaMethodSite.java:43)
	at org.codehaus.groovy.runtime.callsite.PogoMetaMethodSite$PogoCachedMethodSiteNoUnwrapNoCoerce.invoke(PogoMetaMethodSite.java:193)
	at org.codehaus.groovy.runtime.callsite.PogoMetaMethodSite.callCurrent(PogoMetaMethodSite.java:61)
	at org.codehaus.groovy.runtime.callsite.AbstractCallSite.callCurrent(AbstractCallSite.java:185)
	at io.restassured.internal.ResponseSpecificationImpl.body(ResponseSpecificationImpl.groovy:98)
	at io.restassured.internal.ValidatableResponseOptionsImpl.body(ValidatableResponseOptionsImpl.java:238)
	at io.restassured.internal.ValidatableResponseImpl.super$2$body(ValidatableResponseImpl.groovy)
	at java.base/jdk.internal.reflect.NativeMethodAccessorImpl.invoke0(Native Method)
	at java.base/jdk.internal.reflect.NativeMethodAccessorImpl.invoke(NativeMethodAccessorImpl.java:62)
	at java.base/jdk.internal.reflect.DelegatingMethodAccessorImpl.invoke(DelegatingMethodAccessorImpl.java:43)
	at java.base/java.lang.reflect.Method.invoke(Method.java:566)
	at org.codehaus.groovy.reflection.CachedMethod.invoke(CachedMethod.java:107)
	at groovy.lang.MetaMethod.doMethodInvoke(MetaMethod.java:323)
	at groovy.lang.MetaClassImpl.invokeMethod(MetaClassImpl.java:1268)
	at org.codehaus.groovy.runtime.ScriptBytecodeAdapter.invokeMethodOnSuperN(ScriptBytecodeAdapter.java:144)
	at io.restassured.internal.ValidatableResponseImpl.body(ValidatableResponseImpl.groovy:293)
	at io.restassured.internal.ValidatableResponseImpl.body(ValidatableResponseImpl.groovy)
	at com.cloudmore.testSteps.api.UserServiceSteps.validate_json_schema(UserServiceSteps.java:104)
	at âœ½.Validate the response json schema(file:///C:/Personal.work/my-repos/cloudmore/cloudmore-qa-automation/src/test/resources/featureFiles/UserServiceAPI.feature:24)
&amp#27;[0m
  &amp#27;[36mAnd &amp#27;[0m&amp#27;[36mValidate the Response Body&amp#27;[0m                                                                       &amp#27;[90m# com.cloudmore.testSteps.api.UserServiceSteps.validateResponseBody()&amp#27;[0m
>>>>>>>>> beforeScenario called [@API, @QuestionThree, @assignment, @getUserAPI]
]]></system-out>
  </testcase>
  <testcase name="runScenario[&quot;Verifying the GET USER API getUser_invalid_usernameDefined_Is_Yes_with_special_characters&quot;, &quot;Optional[Verify The CREATE , UPDATE, GET, DELETE APIs of User Service]&quot;](20)" classname="com.cloudmore.runner.TestRunner" time="1.658">
    <system-out><![CDATA[
@API @QuestionThree @assignment @getUserAPI
Scenario Outline: Verifying the GET USER API getUser_invalid_usernameDefined_Is_Yes_with_special_characters                                  &amp#27;[90m# src/test/resources/featureFiles/UserServiceAPI.feature:31&amp#27;[0m
>>>>>>>>> beforeScenario called [@API, @QuestionThree, @assignment, @getUserAPI]
Request method:	GET
Request URI:	https://petstore.swagger.io/v2/user/%21%40
Proxy:			<none>
Request params:	<none>
Query params:	<none>
Form params:	<none>
Path params:	<none>
Headers:		accept=application/json
Cookies:		<none>
Multiparts:		<none>
Body:			<none>
HTTP/1.1 404 Not Found
Date: Mon, 20 Feb 2023 09:42:10 GMT
Content-Type: application/json
Transfer-Encoding: chunked
Connection: keep-alive
Access-Control-Allow-Origin: *
Access-Control-Allow-Methods: GET, POST, DELETE, PUT
Access-Control-Allow-Headers: Content-Type, api_key, Authorization
Server: Jetty(9.2.9.v20150224)

{
    "code": 1,
    "type": "error",
    "message": "User not found"
}
  &amp#27;[32mGiven &amp#27;[0m&amp#27;[32mUser Invoke the &amp#27;[0m&amp#27;[32m&amp#27;[1m"GET"&amp#27;[0m&amp#27;[32m User API service to execute the &amp#27;[0m&amp#27;[32m&amp#27;[1m"getUser_invalid_usernameDefined_Is_Yes_with_special_characters"&amp#27;[0m&amp#27;[32m test scenario&amp#27;[0m &amp#27;[90m# com.cloudmore.testSteps.api.UserServiceSteps.get_user_api_service_called(java.lang.String,java.lang.String)&amp#27;[0m
  &amp#27;[32mThen &amp#27;[0m&amp#27;[32mValidate the Response Status Code&amp#27;[0m                                                                                                     &amp#27;[90m# com.cloudmore.testSteps.api.UserServiceSteps.validateResponseStatusCode()&amp#27;[0m
  &amp#27;[32mThen &amp#27;[0m&amp#27;[32mValidate the response json schema&amp#27;[0m                                                                                                     &amp#27;[90m# com.cloudmore.testSteps.api.UserServiceSteps.validate_json_schema()&amp#27;[0m
  &amp#27;[32mAnd &amp#27;[0m&amp#27;[32mValidate the Response Body&amp#27;[0m                                                                                                             &amp#27;[90m# com.cloudmore.testSteps.api.UserServiceSteps.validateResponseBody()&amp#27;[0m
>>>>>>>>> beforeScenario called [@API, @QuestionThree, @assignment, @getUserAPI]
]]></system-out>
  </testcase>
  <testcase name="runScenario[&quot;Verifying the UPDATE USER API putUser_valid_Username_validBodyDefined_Is_Yes&quot;, &quot;Optional[Verify The CREATE , UPDATE, GET, DELETE APIs of User Service]&quot;](21)" classname="com.cloudmore.runner.TestRunner" time="1.647">
    <system-out><![CDATA[
@API @QuestionThree @assignment @updateUserAPI @API
Scenario Outline: Verifying the UPDATE USER API putUser_valid_Username_validBodyDefined_Is_Yes                                  &amp#27;[90m# src/test/resources/featureFiles/UserServiceAPI.feature:42&amp#27;[0m
>>>>>>>>> beforeScenario called [@API, @QuestionThree, @assignment, @updateUserAPI, @API]
Request method:	PUT
Request URI:	https://petstore.swagger.io/v2/user/AkilaTEST
Proxy:			<none>
Request params:	<none>
Query params:	<none>
Form params:	<none>
Path params:	<none>
Headers:		accept=application/json
				Content-Type=application/json
Cookies:		<none>
Multiparts:		<none>
Body:
{
    "id": 129,
    "username": "AkilaTEST",
    "firstName": "Dhanushaka",
    "lastName": "Samaranayake",
    "email": "akila@email.com",
    "password": "testPassword",
    "phone": "+94717147499",
    "userStatus": 1
}
HTTP/1.1 200 OK
Date: Mon, 20 Feb 2023 09:42:12 GMT
Content-Type: application/json
Transfer-Encoding: chunked
Connection: keep-alive
Access-Control-Allow-Origin: *
Access-Control-Allow-Methods: GET, POST, DELETE, PUT
Access-Control-Allow-Headers: Content-Type, api_key, Authorization
Server: Jetty(9.2.9.v20150224)

{
    "code": 200,
    "type": "unknown",
    "message": "129"
}
  &amp#27;[32mGiven &amp#27;[0m&amp#27;[32mUser Invoke the &amp#27;[0m&amp#27;[32m&amp#27;[1m"UPDATE"&amp#27;[0m&amp#27;[32m User API service to execute the &amp#27;[0m&amp#27;[32m&amp#27;[1m"putUser_valid_Username_validBodyDefined_Is_Yes"&amp#27;[0m&amp#27;[32m test scenario&amp#27;[0m &amp#27;[90m# com.cloudmore.testSteps.api.UserServiceSteps.get_user_api_service_called(java.lang.String,java.lang.String)&amp#27;[0m
  &amp#27;[32mThen &amp#27;[0m&amp#27;[32mValidate the Response Status Code&amp#27;[0m                                                                                        &amp#27;[90m# com.cloudmore.testSteps.api.UserServiceSteps.validateResponseStatusCode()&amp#27;[0m
  &amp#27;[32mThen &amp#27;[0m&amp#27;[32mValidate the response json schema&amp#27;[0m                                                                                        &amp#27;[90m# com.cloudmore.testSteps.api.UserServiceSteps.validate_json_schema()&amp#27;[0m
  &amp#27;[32mAnd &amp#27;[0m&amp#27;[32mValidate the Response Body&amp#27;[0m                                                                                                &amp#27;[90m# com.cloudmore.testSteps.api.UserServiceSteps.validateResponseBody()&amp#27;[0m
>>>>>>>>> beforeScenario called [@API, @QuestionThree, @assignment, @updateUserAPI, @API]
]]></system-out>
  </testcase>
  <testcase name="runScenario[&quot;Verifying the UPDATE USER API putUser_invalid_Username_validBodyDefined_Is_Yes&quot;, &quot;Optional[Verify The CREATE , UPDATE, GET, DELETE APIs of User Service]&quot;](22)" classname="com.cloudmore.runner.TestRunner" time="0">
[...]
	at org.codehaus.groovy.runtime.callsite.PlainObjectMetaMethodSite.doInvoke(PlainObjectMetaMethodSite.java:43)
	at org.codehaus.groovy.runtime.callsite.PogoMetaMethodSite$PogoCachedMethodSiteNoUnwrapNoCoerce.invoke(PogoMetaMethodSite.java:193)
	at org.codehaus.groovy.runtime.callsite.PogoMetaMethodSite.callCurrent(PogoMetaMethodSite.java:61)
	at org.codehaus.groovy.runtime.callsite.AbstractCallSite.callCurrent(AbstractCallSite.java:185)
	at io.restassured.internal.ResponseSpecificationImpl.body(ResponseSpecificationImpl.groovy:98)
	at io.restassured.internal.ValidatableResponseOptionsImpl.body(ValidatableResponseOptionsImpl.java:238)
	at io.restassured.internal.ValidatableResponseImpl.super$2$body(ValidatableResponseImpl.groovy)
	at jdk.internal.reflect.GeneratedMethodAccessor292.invoke(Unknown Source)
	at java.base/jdk.internal.reflect.DelegatingMethodAccessorImpl.invoke(DelegatingMethodAccessorImpl.java:43)
	at java.base/java.lang.reflect.Method.invoke(Method.java:566)
	at org.codehaus.groovy.reflection.CachedMethod.invoke(CachedMethod.java:107)
	at groovy.lang.MetaMethod.doMethodInvoke(MetaMethod.java:323)
	at groovy.lang.MetaClassImpl.invokeMethod(MetaClassImpl.java:1268)
	at org.codehaus.groovy.runtime.ScriptBytecodeAdapter.invokeMethodOnSuperN(ScriptBytecodeAdapter.java:144)
	at io.restassured.internal.ValidatableResponseImpl.body(ValidatableResponseImpl.groovy:293)
	at io.restassured.internal.ValidatableResponseImpl.body(ValidatableResponseImpl.groovy)
	at com.cloudmore.testSteps.api.UserServiceSteps.validate_json_schema(UserServiceSteps.java:104)
	at jdk.internal.reflect.GeneratedMethodAccessor290.invoke(Unknown Source)
	at java.base/jdk.internal.reflect.DelegatingMethodAccessorImpl.invoke(DelegatingMethodAccessorImpl.java:43)
	at java.base/java.lang.reflect.Method.invoke(Method.java:566)
	at io.cucumber.java.Invoker.doInvoke(Invoker.java:66)
	at io.cucumber.java.Invoker.invoke(Invoker.java:24)
	at io.cucumber.java.AbstractGlueDefinition.invokeMethod(AbstractGlueDefinition.java:47)
	at io.cucumber.java.JavaStepDefinition.execute(JavaStepDefinition.java:29)
	at io.cucumber.core.runner.CoreStepDefinition.execute(CoreStepDefinition.java:66)
	at io.cucumber.core.runner.PickleStepDefinitionMatch.runStep(PickleStepDefinitionMatch.java:63)
	at io.cucumber.core.runner.ExecutionMode$1.execute(ExecutionMode.java:10)
	at io.cucumber.core.runner.TestStep.executeStep(TestStep.java:92)
	at io.cucumber.core.runner.TestStep.run(TestStep.java:64)
	at io.cucumber.core.runner.PickleStepTestStep.run(PickleStepTestStep.java:51)
	at io.cucumber.core.runner.TestCase.run(TestCase.java:104)
	at io.cucumber.core.runner.Runner.runPickle(Runner.java:73)
	at io.cucumber.testng.TestNGCucumberRunner.lambda$runScenario$0(TestNGCucumberRunner.java:117)
	at io.cucumber.core.runtime.CucumberExecutionContext.runTestCase(CucumberExecutionContext.java:117)
	at io.cucumber.testng.TestNGCucumberRunner.runScenario(TestNGCucumberRunner.java:114)
	at io.cucumber.testng.AbstractTestNGCucumberTests.runScenario(AbstractTestNGCucumberTests.java:31)
	at jdk.internal.reflect.GeneratedMethodAccessor149.invoke(Unknown Source)
	at java.base/jdk.internal.reflect.DelegatingMethodAccessorImpl.invoke(DelegatingMethodAccessorImpl.java:43)
	at java.base/java.lang.reflect.Method.invoke(Method.java:566)
	at org.testng.internal.MethodInvocationHelper.invokeMethod(MethodInvocationHelper.java:133)
	at org.testng.internal.TestInvoker.invokeMethod(TestInvoker.java:598)
	at org.testng.internal.TestInvoker.retryFailed(TestInvoker.java:213)
	at org.testng.internal.MethodRunner.runInSequence(MethodRunner.java:58)
	at org.testng.internal.TestInvoker$MethodInvocationAgent.invoke(TestInvoker.java:824)
	at org.testng.internal.TestInvoker.invokeTestMethods(TestInvoker.java:146)
	at org.testng.internal.TestMethodWorker.invokeTestMethods(TestMethodWorker.java:146)
	at org.testng.internal.TestMethodWorker.run(TestMethodWorker.java:128)
	at java.base/java.util.ArrayList.forEach(ArrayList.java:1541)
	at org.testng.TestRunner.privateRun(TestRunner.java:794)
	at org.testng.TestRunner.run(TestRunner.java:596)
	at org.testng.SuiteRunner.runTest(SuiteRunner.java:377)
	at org.testng.SuiteRunner.access$000(SuiteRunner.java:28)
	at org.testng.SuiteRunner$SuiteWorker.run(SuiteRunner.java:418)
	at org.testng.internal.thread.ThreadUtil.lambda$execute$0(ThreadUtil.java:64)
	at java.base/java.util.concurrent.FutureTask.run(FutureTask.java:264)
	at java.base/java.util.concurrent.ThreadPoolExecutor.runWorker(ThreadPoolExecutor.java:1128)
	at java.base/java.util.concurrent.ThreadPoolExecutor$Worker.run(ThreadPoolExecutor.java:628)
	at java.base/java.lang.Thread.run(Thread.java:834)
Caused by: com.fasterxml.jackson.core.JsonParseException: no JSON Text to read from input
 at [Source: (StringReader); line: 1, column: 1]
	at com.github.fge.jackson.JsonNodeReader$JsonParseExceptionBuilder.build(JsonNodeReader.java:198)
	at com.github.fge.jackson.JsonNodeReader.readNode(JsonNodeReader.java:150)
	at com.github.fge.jackson.JsonNodeReader.fromReader(JsonNodeReader.java:129)
	at com.github.fge.jackson.JsonLoader.fromReader(JsonLoader.java:186)
	at com.github.fge.jackson.JsonLoader.fromString(JsonLoader.java:199)
	at io.restassured.module.jsv.JsonSchemaValidator.matchesSafely(JsonSchemaValidator.java:214)
	... 88 more
&amp#27;[0m
  &amp#27;[36mAnd &amp#27;[0m&amp#27;[36mValidate the Response Body&amp#27;[0m                                                                                                                   &amp#27;[90m# com.cloudmore.testSteps.api.UserServiceSteps.validateResponseBody()&amp#27;[0m
>>>>>>>>> beforeScenario called [@API, @QuestionThree, @assignment, @deleteUserAPI, @API]
]]></system-out>
  </testcase>
  <testcase name="runScenario[&quot;Verifying the DELETE USER API deleteUser_username_Is_Null&quot;, &quot;Optional[Verify The CREATE , UPDATE, GET, DELETE APIs of User Service]&quot;](39)" classname="com.cloudmore.runner.TestRunner" time="0">
    <skipped message="1 expectation failed.&#10;Response body doesn&apos;t match expectation.&#10;Expected: The content to match the given JSON schema.&#10;error: object has missing required properties ([&quot;message&quot;])&#10;    level: &quot;error&quot;&#10;    schema: {&quot;loadingURI&quot;:&quot;#&quot;,&quot;pointer&quot;:&quot;&quot;}&#10;    instance: {&quot;pointer&quot;:&quot;&quot;}&#10;    domain: &quot;validation&quot;&#10;    keyword: &quot;required&quot;&#10;    required: [&quot;code&quot;,&quot;message&quot;,&quot;type&quot;]&#10;    missing: [&quot;message&quot;]&#10;&#10;  Actual: {&quot;code&quot;:405,&quot;type&quot;:&quot;unknown&quot;}&#10;"/>
    <system-out><![CDATA[
@API @QuestionThree @assignment @deleteUserAPI @API
Scenario Outline: Verifying the DELETE USER API deleteUser_username_Is_Null                                  &amp#27;[90m# src/test/resources/featureFiles/UserServiceAPI.feature:63&amp#27;[0m
>>>>>>>>> beforeScenario called [@API, @QuestionThree, @assignment, @deleteUserAPI, @API]
Request method:	DELETE
Request URI:	https://petstore.swagger.io/v2/user/
Proxy:			<none>
Request params:	<none>
Query params:	<none>
Form params:	<none>
Path params:	<none>
Headers:		accept=application/json
Cookies:		<none>
Multiparts:		<none>
Body:			<none>
HTTP/1.1 405 Method Not Allowed
Date: Mon, 20 Feb 2023 09:42:41 GMT
Content-Type: application/json
Transfer-Encoding: chunked
Connection: keep-alive
Access-Control-Allow-Origin: *
Access-Control-Allow-Methods: GET, POST, DELETE, PUT
Access-Control-Allow-Headers: Content-Type, api_key, Authorization
Server: Jetty(9.2.9.v20150224)

{
    "code": 405,
    "type": "unknown"
}
  &amp#27;[32mGiven &amp#27;[0m&amp#27;[32mUser Invoke the &amp#27;[0m&amp#27;[32m&amp#27;[1m"DELETE"&amp#27;[0m&amp#27;[32m User API service to execute the &amp#27;[0m&amp#27;[32m&amp#27;[1m"deleteUser_username_Is_Null"&amp#27;[0m&amp#27;[32m test scenario&amp#27;[0m &amp#27;[90m# com.cloudmore.testSteps.api.UserServiceSteps.get_user_api_service_called(java.lang.String,java.lang.String)&amp#27;[0m
  &amp#27;[32mThen &amp#27;[0m&amp#27;[32mValidate the Response Status Code&amp#27;[0m                                                                     &amp#27;[90m# com.cloudmore.testSteps.api.UserServiceSteps.validateResponseStatusCode()&amp#27;[0m
  &amp#27;[31mThen &amp#27;[0m&amp#27;[31mValidate the response json schema&amp#27;[0m                                                                     &amp#27;[90m# com.cloudmore.testSteps.api.UserServiceSteps.validate_json_schema()&amp#27;[0m
      &amp#27;[31mjava.lang.AssertionError: 1 expectation failed.
Response body doesn't match expectation.
Expected: The content to match the given JSON schema.
error: object has missing required properties (["message"])
    level: "error"
    schema: {"loadingURI":"#","pointer":""}
    instance: {"pointer":""}
    domain: "validation"
    keyword: "required"
    required: ["code","message","type"]
    missing: ["message"]

  Actual: {"code":405,"type":"unknown"}

	at java.base/jdk.internal.reflect.NativeConstructorAccessorImpl.newInstance0(Native Method)
	at java.base/jdk.internal.reflect.NativeConstructorAccessorImpl.newInstance(NativeConstructorAccessorImpl.java:62)
	at java.base/jdk.internal.reflect.DelegatingConstructorAccessorImpl.newInstance(DelegatingConstructorAccessorImpl.java:45)
	at java.base/java.lang.reflect.Constructor.newInstance(Constructor.java:490)
	at org.codehaus.groovy.reflection.CachedConstructor.invoke(CachedConstructor.java:72)
	at org.codehaus.groovy.reflection.CachedConstructor.doConstructorInvoke(CachedConstructor.java:59)
	at org.codehaus.groovy.runtime.callsite.ConstructorSite$ConstructorSiteNoUnwrap.callConstructor(ConstructorSite.java:84)
	at org.codehaus.groovy.runtime.callsite.AbstractCallSite.callConstructor(AbstractCallSite.java:277)
	at io.restassured.internal.ResponseSpecificationImpl$HamcrestAssertionClosure.validate(ResponseSpecificationImpl.groovy:493)
	at io.restassured.internal.ResponseSpecificationImpl$HamcrestAssertionClosure$validate$1.call(Unknown Source)
	at io.restassured.internal.ResponseSpecificationImpl.validateResponseIfRequired(ResponseSpecificationImpl.groovy:674)
	at jdk.internal.reflect.GeneratedMethodAccessor293.invoke(Unknown Source)
	at java.base/jdk.internal.reflect.DelegatingMethodAccessorImpl.invoke(DelegatingMethodAccessorImpl.java:43)
	at java.base/java.lang.reflect.Method.invoke(Method.java:566)
	at org.codehaus.groovy.runtime.callsite.PlainObjectMetaMethodSite.doInvoke(PlainObjectMetaMethodSite.java:43)
	at org.codehaus.groovy.runtime.callsite.PogoMetaMethodSite$PogoCachedMethodSiteNoUnwrapNoCoerce.invoke(PogoMetaMethodSite.java:193)
	at org.codehaus.groovy.runtime.callsite.PogoMetaMethodSite.callCurrent(PogoMetaMethodSite.java:61)
	at org.codehaus.groovy.runtime.callsite.AbstractCallSite.callCurrent(AbstractCallSite.java:185)
	at io.restassured.internal.ResponseSpecificationImpl.body(ResponseSpecificationImpl.groovy:98)
	at io.restassured.internal.ValidatableResponseOptionsImpl.body(ValidatableResponseOptionsImpl.java:238)
	at io.restassured.internal.ValidatableResponseImpl.super$2$body(ValidatableResponseImpl.groovy)
	at jdk.internal.reflect.GeneratedMethodAccessor292.invoke(Unknown Source)
	at java.base/jdk.internal.reflect.DelegatingMethodAccessorImpl.invoke(DelegatingMethodAccessorImpl.java:43)
	at java.base/java.lang.reflect.Method.invoke(Method.java:566)
	at org.codehaus.groovy.reflection.CachedMethod.invoke(CachedMethod.java:107)
	at groovy.lang.MetaMethod.doMethodInvoke(MetaMethod.java:323)
	at groovy.lang.MetaClassImpl.invokeMethod(MetaClassImpl.java:1268)
	at org.codehaus.groovy.runtime.ScriptBytecodeAdapter.invokeMethodOnSuperN(ScriptBytecodeAdapter.java:144)
	at io.restassured.internal.ValidatableResponseImpl.body(ValidatableResponseImpl.groovy:293)
	at io.restassured.internal.ValidatableResponseImpl.body(ValidatableResponseImpl.groovy)
	at com.cloudmore.testSteps.api.UserServiceSteps.validate_json_schema(UserServiceSteps.java:104)
	at âœ½.Validate the response json schema(file:///C:/Personal.work/my-repos/cloudmore/cloudmore-qa-automation/src/test/resources/featureFiles/UserServiceAPI.feature:56)
&amp#27;[0m
  &amp#27;[36mAnd &amp#27;[0m&amp#27;[36mValidate the Response Body&amp#27;[0m                                                                             &amp#27;[90m# com.cloudmore.testSteps.api.UserServiceSteps.validateResponseBody()&amp#27;[0m
>>>>>>>>> beforeScenario called [@API, @QuestionThree, @assignment, @deleteUserAPI, @API]
]]></system-out>
  </testcase>
  <testcase name="runScenario[&quot;Verifying the DELETE USER API deleteUser_username_Is_Null&quot;, &quot;Optional[Verify The CREATE , UPDATE, GET, DELETE APIs of User Service]&quot;](40)" classname="com.cloudmore.runner.TestRunner" time="1.442">
    <failure message="1 expectation failed.&#10;Response body doesn&apos;t match expectation.&#10;Expected: The content to match the given JSON schema.&#10;error: object has missing required properties ([&quot;message&quot;])&#10;    level: &quot;error&quot;&#10;    schema: {&quot;loadingURI&quot;:&quot;#&quot;,&quot;pointer&quot;:&quot;&quot;}&#10;    instance: {&quot;pointer&quot;:&quot;&quot;}&#10;    domain: &quot;validation&quot;&#10;    keyword: &quot;required&quot;&#10;    required: [&quot;code&quot;,&quot;message&quot;,&quot;type&quot;]&#10;    missing: [&quot;message&quot;]&#10;&#10;  Actual: {&quot;code&quot;:405,&quot;type&quot;:&quot;unknown&quot;}&#10;" type="java.lang.AssertionError"><![CDATA[java.lang.AssertionError: 
1 expectation failed.
Response body doesn't match expectation.
Expected: The content to match the given JSON schema.
error: object has missing required properties (["message"])
    level: "error"
    schema: {"loadingURI":"#","pointer":""}
    instance: {"pointer":""}
    domain: "validation"
    keyword: "required"
    required: ["code","message","type"]
    missing: ["message"]

  Actual: {"code":405,"type":"unknown"}

]]></failure>
    <system-out><![CDATA[
@API @QuestionThree @assignment @deleteUserAPI @API
Scenario Outline: Verifying the DELETE USER API deleteUser_username_Is_Null                                  &amp#27;[90m# src/test/resources/featureFiles/UserServiceAPI.feature:63&amp#27;[0m
>>>>>>>>> beforeScenario called [@API, @QuestionThree, @assignment, @deleteUserAPI, @API]
Request method:	DELETE
Request URI:	https://petstore.swagger.io/v2/user/
Proxy:			<none>
Request params:	<none>
Query params:	<none>
Form params:	<none>
Path params:	<none>
Headers:		accept=application/json
Cookies:		<none>
Multiparts:		<none>
Body:			<none>
HTTP/1.1 405 Method Not Allowed
Date: Mon, 20 Feb 2023 09:42:42 GMT
Content-Type: application/json
Transfer-Encoding: chunked
Connection: keep-alive
Access-Control-Allow-Origin: *
Access-Control-Allow-Methods: GET, POST, DELETE, PUT
Access-Control-Allow-Headers: Content-Type, api_key, Authorization
Server: Jetty(9.2.9.v20150224)

{
    "code": 405,
    "type": "unknown"
}
  &amp#27;[32mGiven &amp#27;[0m&amp#27;[32mUser Invoke the &amp#27;[0m&amp#27;[32m&amp#27;[1m"DELETE"&amp#27;[0m&amp#27;[32m User API service to execute the &amp#27;[0m&amp#27;[32m&amp#27;[1m"deleteUser_username_Is_Null"&amp#27;[0m&amp#27;[32m test scenario&amp#27;[0m &amp#27;[90m# com.cloudmore.testSteps.api.UserServiceSteps.get_user_api_service_called(java.lang.String,java.lang.String)&amp#27;[0m
  &amp#27;[32mThen &amp#27;[0m&amp#27;[32mValidate the Response Status Code&amp#27;[0m                                                                     &amp#27;[90m# com.cloudmore.testSteps.api.UserServiceSteps.validateResponseStatusCode()&amp#27;[0m
  &amp#27;[31mThen &amp#27;[0m&amp#27;[31mValidate the response json schema&amp#27;[0m                                                                     &amp#27;[90m# com.cloudmore.testSteps.api.UserServiceSteps.validate_json_schema()&amp#27;[0m
      &amp#27;[31mjava.lang.AssertionError: 1 expectation failed.
Response body doesn't match expectation.
Expected: The content to match the given JSON schema.
error: object has missing required properties (["message"])
    level: "error"
    schema: {"loadingURI":"#","pointer":""}
    instance: {"pointer":""}
    domain: "validation"
    keyword: "required"
    required: ["code","message","type"]
    missing: ["message"]

  Actual: {"code":405,"type":"unknown"}

	at java.base/jdk.internal.reflect.NativeConstructorAccessorImpl.newInstance0(Native Method)
	at java.base/jdk.internal.reflect.NativeConstructorAccessorImpl.newInstance(NativeConstructorAccessorImpl.java:62)
	at java.base/jdk.internal.reflect.DelegatingConstructorAccessorImpl.newInstance(DelegatingConstructorAccessorImpl.java:45)
	at java.base/java.lang.reflect.Constructor.newInstance(Constructor.java:490)
	at org.codehaus.groovy.reflection.CachedConstructor.invoke(CachedConstructor.java:72)
	at org.codehaus.groovy.reflection.CachedConstructor.doConstructorInvoke(CachedConstructor.java:59)
	at org.codehaus.groovy.runtime.callsite.ConstructorSite$ConstructorSiteNoUnwrap.callConstructor(ConstructorSite.java:84)
	at org.codehaus.groovy.runtime.callsite.AbstractCallSite.callConstructor(AbstractCallSite.java:277)
	at io.restassured.internal.ResponseSpecificationImpl$HamcrestAssertionClosure.validate(ResponseSpecificationImpl.groovy:493)
	at io.restassured.internal.ResponseSpecificationImpl$HamcrestAssertionClosure$validate$1.call(Unknown Source)
	at io.restassured.internal.ResponseSpecificationImpl.validateResponseIfRequired(ResponseSpecificationImpl.groovy:674)
	at jdk.internal.reflect.GeneratedMethodAccessor293.invoke(Unknown Source)
	at java.base/jdk.internal.reflect.DelegatingMethodAccessorImpl.invoke(DelegatingMethodAccessorImpl.java:43)
	at java.base/java.lang.reflect.Method.invoke(Method.java:566)
	at org.codehaus.groovy.runtime.callsite.PlainObjectMetaMethodSite.doInvoke(PlainObjectMetaMethodSite.java:43)
	at org.codehaus.groovy.runtime.callsite.PogoMetaMethodSite$PogoCachedMethodSiteNoUnwrapNoCoerce.invoke(PogoMetaMethodSite.java:193)
	at org.codehaus.groovy.runtime.callsite.PogoMetaMethodSite.callCurrent(PogoMetaMethodSite.java:61)
	at org.codehaus.groovy.runtime.callsite.AbstractCallSite.callCurrent(AbstractCallSite.java:185)
	at io.restassured.internal.ResponseSpecificationImpl.body(ResponseSpecificationImpl.groovy:98)
	at io.restassured.internal.ValidatableResponseOptionsImpl.body(ValidatableResponseOptionsImpl.java:238)
	at io.restassured.internal.ValidatableResponseImpl.super$2$body(ValidatableResponseImpl.groovy)
	at jdk.internal.reflect.GeneratedMethodAccessor292.invoke(Unknown Source)
	at java.base/jdk.internal.reflect.DelegatingMethodAccessorImpl.invoke(DelegatingMethodAccessorImpl.java:43)
	at java.base/java.lang.reflect.Method.invoke(Method.java:566)
	at org.codehaus.groovy.reflection.CachedMethod.invoke(CachedMethod.java:107)
	at groovy.lang.MetaMethod.doMethodInvoke(MetaMethod.java:323)
	at groovy.lang.MetaClassImpl.invokeMethod(MetaClassImpl.java:1268)
	at org.codehaus.groovy.runtime.ScriptBytecodeAdapter.invokeMethodOnSuperN(ScriptBytecodeAdapter.java:144)
	at io.restassured.internal.ValidatableResponseImpl.body(ValidatableResponseImpl.groovy:293)
	at io.restassured.internal.ValidatableResponseImpl.body(ValidatableResponseImpl.groovy)
	at com.cloudmore.testSteps.api.UserServiceSteps.validate_json_schema(UserServiceSteps.java:104)
	at âœ½.Validate the response json schema(file:///C:/Personal.work/my-repos/cloudmore/cloudmore-qa-automation/src/test/resources/featureFiles/UserServiceAPI.feature:56)
&amp#27;[0m
  &amp#27;[36mAnd &amp#27;[0m&amp#27;[36mValidate the Response Body&amp#27;[0m                                                                             &amp#27;[90m# com.cloudmore.testSteps.api.UserServiceSteps.validateResponseBody()&amp#27;[0m
>>>>>>>>> beforeScenario called [@API, @QuestionThree, @assignment, @deleteUserAPI, @API]
]]></system-out>
  </testcase>
</testsuite>